Removed Pin From Net: NetName=NetJ9_1 Pin=L2-1
Removed Pin From Net: NetName=NetJ9_3 Pin=L2-3
Removed Member From Class: ClassName=Intermediate_LCL_Top_20230320 Member=J7
Added Component: Designator=Jy(3 Pin Terminal)
Add component (AddParameter): Name = "ComponentLink1Description"; Value = "Upverter"; VariantName = "[No Variations]"
Add component (AddParameter): Name = "ComponentLink1URL"; Value = "https://upverter.com/upn/revision/2b80058b23306b34/"; VariantName = "[No Variations]"
Add component (AddParameter): Name = "ComponentLink2Description"; Value = "Datasheet"; VariantName = "[No Variations]"
Add component (AddParameter): Name = "ComponentLink2URL"; Value = "https://upverter.com/datasheet/d9a5d2e095ec14efdc364e45047c257fc4ca76eb.pdf"; VariantName = "[No Variations]"
Add component (AddParameter): Name = "Digikey Description"; Value = "CONN TERM BLOCK 5.08MM VERT 3POS PCB"; VariantName = "[No Variations]"
Add component (AddParameter): Name = "Digikey Part Number"; Value = "ED2610-ND"; VariantName = "[No Variations]"
Add component (AddParameter): Name = "helpURL"; Value = "https://upverter.com/upn/revision/2b80058b23306b34/"; VariantName = "[No Variations]"
Add component (AddParameter): Name = "Is Female"; Value = "yes"; VariantName = "[No Variations]"
Add component (AddParameter): Name = "Lead Free"; Value = "yes"; VariantName = "[No Variations]"
Add component (AddParameter): Name = "Manufacturer"; Value = "On Shore Technology"; VariantName = "[No Variations]"
Add component (AddParameter): Name = "Package"; Value = "HDR03"; VariantName = "[No Variations]"
Add component (AddParameter): Name = "Part Number"; Value = "OSTTC032162"; VariantName = "[No Variations]"
Add component (AddParameter): Name = "Price"; Value = "0.382016875697"; VariantName = "[No Variations]"
Add component (AddParameter): Name = "RoHS"; Value = "TRUE"; VariantName = "[No Variations]"
Add component (AddParameter): Name = "Supplier 1"; Value = "Digi-Key"; VariantName = "[No Variations]"
Add component (AddParameter): Name = "Supplier 2"; Value = "Mouser"; VariantName = "[No Variations]"
Add component (AddParameter): Name = "Supplier Part Number 1"; Value = "ED2610-ND"; VariantName = "[No Variations]"
Add component (AddParameter): Name = "Supplier Part Number 2"; Value = ""; VariantName = "[No Variations]"
Add component (AddParameter): Name = "Temperature"; Value = "-30°C to +105°C"; VariantName = "[No Variations]"
Add component (AddParameter): Name = "Temperature Range High"; Value = "+105°C"; VariantName = "[No Variations]"
Add component (AddParameter): Name = "Temperature Range Low"; Value = "-30°C"; VariantName = "[No Variations]"
Add component (AddParameter): Name = "Voltage"; Value = "300V"; VariantName = "[No Variations]"
Added Pin To Net: NetName=NetJ9_3 Pin=L2-1
Added Pin To Net: NetName=NetJ9_1 Pin=L2-3
Added Pin To Net: NetName=NetJy_1 Pin=Jy-1
Added Pin To Net: NetName=NetJy_1 Pin=L1-3
Added Net: Name=NetJy_1
Added Pin To Net: NetName=NetJy_2 Pin=Jy-2
Added Pin To Net: NetName=NetJy_2 Pin=L1-2
Added Net: Name=NetJy_2
Added Pin To Net: NetName=NetJy_3 Pin=Jy-3
Added Pin To Net: NetName=NetJy_3 Pin=L1-1
Added Net: Name=NetJy_3
Added Member To Class: ClassName=Intermediate_LCL_Top_20230320 Member=Component Jy 3PinTerminal
Added Room: Name=Intermediate_LCL_Top_20230320
Added Room: Name=LCL_11
Added Room: Name=LCL_12
Added Room: Name=LCL_13
Added Room: Name=LCL_21
Added Room: Name=LCL_22
Added Room: Name=LCL_23
