Removed Pin From Net: NetName=EPWM1A Pin=J4-01
Removed Pin From Net: NetName=EPWM1B Pin=J4-03
Removed Pin From Net: NetName=EPWM2A Pin=J4-05
Removed Pin From Net: NetName=EPWM2B Pin=J4-07
Removed Pin From Net: NetName=EPWM3A Pin=J4-09
Removed Pin From Net: NetName=EPWM3B Pin=J4-11
Removed Pin From Net: NetName=EPWM4A Pin=J12-01
Removed Pin From Net: NetName=EPWM4B Pin=J12-03
Removed Pin From Net: NetName=EPWM5A Pin=J12-05
Removed Pin From Net: NetName=EPWM5B Pin=J12-07
Removed Pin From Net: NetName=EPWM6A Pin=J12-09
Removed Pin From Net: NetName=EPWM6B Pin=J12-11
Added Pin To Net: NetName=EPWM4A Pin=J4-01
Added Pin To Net: NetName=EPWM4B Pin=J4-03
Added Pin To Net: NetName=EPWM5A Pin=J4-05
Added Pin To Net: NetName=EPWM5B Pin=J4-07
Added Pin To Net: NetName=EPWM6A Pin=J4-09
Added Pin To Net: NetName=EPWM6B Pin=J4-11
Added Pin To Net: NetName=EPWM1A Pin=J12-01
Added Pin To Net: NetName=EPWM1B Pin=J12-03
Added Pin To Net: NetName=EPWM2A Pin=J12-05
Added Pin To Net: NetName=EPWM2B Pin=J12-07
Added Pin To Net: NetName=EPWM3A Pin=J12-09
Added Pin To Net: NetName=EPWM3B Pin=J12-11
Added Member To Class: ClassName=LCL_23 Member=Component R4_3 (R4) 130_1206
Added Room: Name=Intermediate_LCL_Top_20230320
Added Room: Name=LCL_11
Added Room: Name=LCL_12
Added Room: Name=LCL_13
Added Room: Name=LCL_21
Added Room: Name=LCL_22
Added Room: Name=LCL_23
