Removed Pin From Net: NetName=I_OutA_3 Pin=J1-39
Removed Pin From Net: NetName=I_OutA_1 Pin=J1-43
Removed Pin From Net: NetName=I_OutA_3 Pin=TP13-1
Removed Pin From Net: NetName=I_OutA_1 Pin=TP15-1
Added Pin To Net: NetName=I_OutA_1 Pin=J1-39
Added Pin To Net: NetName=I_OutA_3 Pin=J1-43
Added Pin To Net: NetName=I_OutA_1 Pin=TP13-1
Added Pin To Net: NetName=I_OutA_3 Pin=TP15-1
Added Room: Name=Fdbk_11
Added Room: Name=Fdbk_12
Added Room: Name=Fdbk_13
Added Room: Name=Fdbk_21
Added Room: Name=Fdbk_22
Added Room: Name=Fdbk_23
Added Room: Name=Intermediate_LCL_Top_20230320
Added Room: Name=LCL_11
Added Room: Name=LCL_12
Added Room: Name=LCL_13
Added Room: Name=LCL_21
Added Room: Name=LCL_22
Added Room: Name=LCL_23
