Removed Pin From Net: NetName=AGND Pin=R2_4-1
Removed Pin From Net: NetName=AGND Pin=R2_5-1
Removed Pin From Net: NetName=AGND Pin=R2_6-1
Removed Pin From Net: NetName=+15V Pin=U1_4-3
Removed Pin From Net: NetName=-15V Pin=U1_4-4
Removed Pin From Net: NetName=+15V Pin=U1_5-3
Removed Pin From Net: NetName=-15V Pin=U1_5-4
Removed Pin From Net: NetName=+15V Pin=U1_6-3
Removed Pin From Net: NetName=-15V Pin=U1_6-4
Removed Member From Class: ClassName=Intermediate_LCL_Top_20230320 Member=NT2
Removed Member From Class: ClassName=Intermediate_LCL_Top_20230320 Member=NT3
Removed Member From Class: ClassName=Intermediate_LCL_Top_20230320 Member=NT4
Removed Member From Class: ClassName=Intermediate_LCL_Top_20230320 Member=NT5
Removed Member From Class: ClassName=Intermediate_LCL_Top_20230320 Member=NT6
Removed Member From Class: ClassName=LCL_1 Member=LCL_14
Removed Member From Class: ClassName=LCL_1 Member=LCL_15
Removed Member From Class: ClassName=LCL_1 Member=LCL_16
Added Component: Designator=C1_1(Film Capacitor PHE450HF7220JR06L2)
Add component (AddParameter): Name = "Datasheet Link"; Value = "https://docs.rs-online.com/a458/0900766b817170df.pdf"; VariantName = "[No Variations]"
Add component (AddParameter): Name = "Height"; Value = "24.5mm"; VariantName = "[No Variations]"
Add component (AddParameter): Name = "Manufacturer_Name"; Value = "KEMET"; VariantName = "[No Variations]"
Add component (AddParameter): Name = "Manufacturer_Part_Number"; Value = "PHE450HF7220JR06L2"; VariantName = "[No Variations]"
Added Component: Designator=C1_2(Film Capacitor PHE450HF7220JR06L2)
Add component (AddParameter): Name = "Datasheet Link"; Value = "https://docs.rs-online.com/a458/0900766b817170df.pdf"; VariantName = "[No Variations]"
Add component (AddParameter): Name = "Height"; Value = "24.5mm"; VariantName = "[No Variations]"
Add component (AddParameter): Name = "Manufacturer_Name"; Value = "KEMET"; VariantName = "[No Variations]"
Add component (AddParameter): Name = "Manufacturer_Part_Number"; Value = "PHE450HF7220JR06L2"; VariantName = "[No Variations]"
Added Component: Designator=C1_3(Film Capacitor PHE450HF7220JR06L2)
Add component (AddParameter): Name = "Datasheet Link"; Value = "https://docs.rs-online.com/a458/0900766b817170df.pdf"; VariantName = "[No Variations]"
Add component (AddParameter): Name = "Height"; Value = "24.5mm"; VariantName = "[No Variations]"
Add component (AddParameter): Name = "Manufacturer_Name"; Value = "KEMET"; VariantName = "[No Variations]"
Add component (AddParameter): Name = "Manufacturer_Part_Number"; Value = "PHE450HF7220JR06L2"; VariantName = "[No Variations]"
Added Component: Designator=L5_1(4mH Custom)
Added Component: Designator=L5_2(4mH Custom)
Added Component: Designator=L5_3(4mH Custom)
Added Component: Designator=L6_1(380uH Custom)
Added Component: Designator=L6_2(380uH Custom)
Added Component: Designator=L6_3(380uH Custom)
Added Component: Designator=R3_1(1206 Resistor)
Add component (AddParameter): Name = "Availability"; Value = "Good"; VariantName = "[No Variations]"
Add component (AddParameter): Name = "DigiKey-Purchase-URL"; Value = "https://snapeda.com/shop?store=DigiKey&id=836123"; VariantName = "[No Variations]"
Add component (AddParameter): Name = "MF"; Value = "Bourns"; VariantName = "[No Variations]"
Add component (AddParameter): Name = "Mouser-Purchase-URL"; Value = "https://snapeda.com/shop?store=Mouser&id=836123"; VariantName = "[No Variations]"
Add component (AddParameter): Name = "MP"; Value = "CRE2512-FZ-R007E-3"; VariantName = "[No Variations]"
Add component (AddParameter): Name = "Package"; Value = "6432 Stackpole"; VariantName = "[No Variations]"
Add component (AddParameter): Name = "Price"; Value = "None"; VariantName = "[No Variations]"
Add component (AddParameter): Name = "SnapEDA_Link"; Value = "https://www.snapeda.com/parts/CRE2512-FZ-R007E-3/Bourns/view-part/836123/?ref=snap"; VariantName = "[No Variations]"
Add component (AddParameter): Name = "Value"; Value = ""; VariantName = "[No Variations]"
Added Component: Designator=R3_2(1206 Resistor)
Add component (AddParameter): Name = "Availability"; Value = "Good"; VariantName = "[No Variations]"
Add component (AddParameter): Name = "DigiKey-Purchase-URL"; Value = "https://snapeda.com/shop?store=DigiKey&id=836123"; VariantName = "[No Variations]"
Add component (AddParameter): Name = "MF"; Value = "Bourns"; VariantName = "[No Variations]"
Add component (AddParameter): Name = "Mouser-Purchase-URL"; Value = "https://snapeda.com/shop?store=Mouser&id=836123"; VariantName = "[No Variations]"
Add component (AddParameter): Name = "MP"; Value = "CRE2512-FZ-R007E-3"; VariantName = "[No Variations]"
Add component (AddParameter): Name = "Package"; Value = "6432 Stackpole"; VariantName = "[No Variations]"
Add component (AddParameter): Name = "Price"; Value = "None"; VariantName = "[No Variations]"
Add component (AddParameter): Name = "SnapEDA_Link"; Value = "https://www.snapeda.com/parts/CRE2512-FZ-R007E-3/Bourns/view-part/836123/?ref=snap"; VariantName = "[No Variations]"
Add component (AddParameter): Name = "Value"; Value = ""; VariantName = "[No Variations]"
Added Component: Designator=R3_3(1206 Resistor)
Add component (AddParameter): Name = "Availability"; Value = "Good"; VariantName = "[No Variations]"
Add component (AddParameter): Name = "DigiKey-Purchase-URL"; Value = "https://snapeda.com/shop?store=DigiKey&id=836123"; VariantName = "[No Variations]"
Add component (AddParameter): Name = "MF"; Value = "Bourns"; VariantName = "[No Variations]"
Add component (AddParameter): Name = "Mouser-Purchase-URL"; Value = "https://snapeda.com/shop?store=Mouser&id=836123"; VariantName = "[No Variations]"
Add component (AddParameter): Name = "MP"; Value = "CRE2512-FZ-R007E-3"; VariantName = "[No Variations]"
Add component (AddParameter): Name = "Package"; Value = "6432 Stackpole"; VariantName = "[No Variations]"
Add component (AddParameter): Name = "Price"; Value = "None"; VariantName = "[No Variations]"
Add component (AddParameter): Name = "SnapEDA_Link"; Value = "https://www.snapeda.com/parts/CRE2512-FZ-R007E-3/Bourns/view-part/836123/?ref=snap"; VariantName = "[No Variations]"
Add component (AddParameter): Name = "Value"; Value = ""; VariantName = "[No Variations]"
Added Component: Designator=R4_1(1206 Resistor)
Add component (AddParameter): Name = "Availability"; Value = "Good"; VariantName = "[No Variations]"
Add component (AddParameter): Name = "DigiKey-Purchase-URL"; Value = "https://snapeda.com/shop?store=DigiKey&id=836123"; VariantName = "[No Variations]"
Add component (AddParameter): Name = "MF"; Value = "Bourns"; VariantName = "[No Variations]"
Add component (AddParameter): Name = "Mouser-Purchase-URL"; Value = "https://snapeda.com/shop?store=Mouser&id=836123"; VariantName = "[No Variations]"
Add component (AddParameter): Name = "MP"; Value = "CRE2512-FZ-R007E-3"; VariantName = "[No Variations]"
Add component (AddParameter): Name = "Package"; Value = "6432 Stackpole"; VariantName = "[No Variations]"
Add component (AddParameter): Name = "Price"; Value = "None"; VariantName = "[No Variations]"
Add component (AddParameter): Name = "SnapEDA_Link"; Value = "https://www.snapeda.com/parts/CRE2512-FZ-R007E-3/Bourns/view-part/836123/?ref=snap"; VariantName = "[No Variations]"
Add component (AddParameter): Name = "Value"; Value = ""; VariantName = "[No Variations]"
Added Component: Designator=R4_2(1206 Resistor)
Add component (AddParameter): Name = "Availability"; Value = "Good"; VariantName = "[No Variations]"
Add component (AddParameter): Name = "DigiKey-Purchase-URL"; Value = "https://snapeda.com/shop?store=DigiKey&id=836123"; VariantName = "[No Variations]"
Add component (AddParameter): Name = "MF"; Value = "Bourns"; VariantName = "[No Variations]"
Add component (AddParameter): Name = "Mouser-Purchase-URL"; Value = "https://snapeda.com/shop?store=Mouser&id=836123"; VariantName = "[No Variations]"
Add component (AddParameter): Name = "MP"; Value = "CRE2512-FZ-R007E-3"; VariantName = "[No Variations]"
Add component (AddParameter): Name = "Package"; Value = "6432 Stackpole"; VariantName = "[No Variations]"
Add component (AddParameter): Name = "Price"; Value = "None"; VariantName = "[No Variations]"
Add component (AddParameter): Name = "SnapEDA_Link"; Value = "https://www.snapeda.com/parts/CRE2512-FZ-R007E-3/Bourns/view-part/836123/?ref=snap"; VariantName = "[No Variations]"
Add component (AddParameter): Name = "Value"; Value = ""; VariantName = "[No Variations]"
Added Component: Designator=R4_3(1206 Resistor)
Add component (AddParameter): Name = "Availability"; Value = "Good"; VariantName = "[No Variations]"
Add component (AddParameter): Name = "DigiKey-Purchase-URL"; Value = "https://snapeda.com/shop?store=DigiKey&id=836123"; VariantName = "[No Variations]"
Add component (AddParameter): Name = "MF"; Value = "Bourns"; VariantName = "[No Variations]"
Add component (AddParameter): Name = "Mouser-Purchase-URL"; Value = "https://snapeda.com/shop?store=Mouser&id=836123"; VariantName = "[No Variations]"
Add component (AddParameter): Name = "MP"; Value = "CRE2512-FZ-R007E-3"; VariantName = "[No Variations]"
Add component (AddParameter): Name = "Package"; Value = "6432 Stackpole"; VariantName = "[No Variations]"
Add component (AddParameter): Name = "Price"; Value = "None"; VariantName = "[No Variations]"
Add component (AddParameter): Name = "SnapEDA_Link"; Value = "https://www.snapeda.com/parts/CRE2512-FZ-R007E-3/Bourns/view-part/836123/?ref=snap"; VariantName = "[No Variations]"
Add component (AddParameter): Name = "Value"; Value = ""; VariantName = "[No Variations]"
Added Component: Designator=U2_1(LV-25-P)
Add component (AddParameter): Name = "Arrow Part Number"; Value = ""; VariantName = "[No Variations]"
Add component (AddParameter): Name = "Arrow Price/Stock"; Value = ""; VariantName = "[No Variations]"
Add component (AddParameter): Name = "Datasheet Link"; Value = ""; VariantName = "[No Variations]"
Add component (AddParameter): Name = "Manufacturer_Name"; Value = "LEM"; VariantName = "[No Variations]"
Add component (AddParameter): Name = "Manufacturer_Part_Number"; Value = "LV25P"; VariantName = "[No Variations]"
Add component (AddParameter): Name = "Mouser Part Number"; Value = ""; VariantName = "[No Variations]"
Add component (AddParameter): Name = "Mouser Price/Stock"; Value = ""; VariantName = "[No Variations]"
Added Component: Designator=U2_2(LV-25-P)
Add component (AddParameter): Name = "Arrow Part Number"; Value = ""; VariantName = "[No Variations]"
Add component (AddParameter): Name = "Arrow Price/Stock"; Value = ""; VariantName = "[No Variations]"
Add component (AddParameter): Name = "Datasheet Link"; Value = ""; VariantName = "[No Variations]"
Add component (AddParameter): Name = "Manufacturer_Name"; Value = "LEM"; VariantName = "[No Variations]"
Add component (AddParameter): Name = "Manufacturer_Part_Number"; Value = "LV25P"; VariantName = "[No Variations]"
Add component (AddParameter): Name = "Mouser Part Number"; Value = ""; VariantName = "[No Variations]"
Add component (AddParameter): Name = "Mouser Price/Stock"; Value = ""; VariantName = "[No Variations]"
Added Component: Designator=U2_3(LV-25-P)
Add component (AddParameter): Name = "Arrow Part Number"; Value = ""; VariantName = "[No Variations]"
Add component (AddParameter): Name = "Arrow Price/Stock"; Value = ""; VariantName = "[No Variations]"
Add component (AddParameter): Name = "Datasheet Link"; Value = ""; VariantName = "[No Variations]"
Add component (AddParameter): Name = "Manufacturer_Name"; Value = "LEM"; VariantName = "[No Variations]"
Add component (AddParameter): Name = "Manufacturer_Part_Number"; Value = "LV25P"; VariantName = "[No Variations]"
Add component (AddParameter): Name = "Mouser Part Number"; Value = ""; VariantName = "[No Variations]"
Add component (AddParameter): Name = "Mouser Price/Stock"; Value = ""; VariantName = "[No Variations]"
Added Pin To Net: NetName=AGND Pin=R4_1-1
Added Pin To Net: NetName=AGND Pin=R4_2-1
Added Pin To Net: NetName=AGND Pin=R4_3-1
Added Pin To Net: NetName=+15V Pin=U2_1-3
Added Pin To Net: NetName=-15V Pin=U2_1-4
Added Pin To Net: NetName=+15V Pin=U2_2-3
Added Pin To Net: NetName=-15V Pin=U2_2-4
Added Pin To Net: NetName=+15V Pin=U2_3-3
Added Pin To Net: NetName=-15V Pin=U2_3-4
Change Net Name : Old Net Name=I_l1 New Net Name=I_lA_1
Change Net Name : Old Net Name=I_l2 New Net Name=I_lA_2
Change Net Name : Old Net Name=I_l3 New Net Name=I_lA_3
Change Net Name : Old Net Name=I_l4 New Net Name=I_lB_1
Change Net Name : Old Net Name=I_l5 New Net Name=I_lB_2
Change Net Name : Old Net Name=I_l6 New Net Name=I_lB_3
Change Net Name : Old Net Name=V_c_1 New Net Name=NetC3_1_2
Change Net Name : Old Net Name=V_c_2 New Net Name=NetC3_2_2
Change Net Name : Old Net Name=V_c_3 New Net Name=NetC3_3_2
Change Net Name : Old Net Name=V_cap_1 New Net Name=V_capA_1
Change Net Name : Old Net Name=V_cap_2 New Net Name=V_capA_2
Change Net Name : Old Net Name=V_cap_3 New Net Name=V_capA_3
Change Net Name : Old Net Name=V_o_out_1 New Net Name=V_o_outA_1
Change Net Name : Old Net Name=V_o_out_2 New Net Name=V_o_outA_2
Change Net Name : Old Net Name=V_o_out_3 New Net Name=V_o_outA_3
Change Net Name : Old Net Name=V_term_1 New Net Name=V_termA_1
Change Net Name : Old Net Name=V_term_2 New Net Name=V_termA_2
Change Net Name : Old Net Name=V_term_3 New Net Name=V_termA_3
Added Pin To Net: NetName=C1_Neut Pin=C3_1-1
Added Pin To Net: NetName=C1_Neut Pin=C3_2-1
Added Pin To Net: NetName=C1_Neut Pin=C3_3-1
Added Pin To Net: NetName=C1_Neut Pin=U1_1-1
Added Pin To Net: NetName=C1_Neut Pin=U1_2-1
Added Pin To Net: NetName=C1_Neut Pin=U1_3-1
Added Net: Name=C1_Neut
Added Pin To Net: NetName=C2_Neut Pin=C1_1-1
Added Pin To Net: NetName=C2_Neut Pin=C1_2-1
Added Pin To Net: NetName=C2_Neut Pin=C1_3-1
Added Pin To Net: NetName=C2_Neut Pin=U2_1-1
Added Pin To Net: NetName=C2_Neut Pin=U2_2-1
Added Pin To Net: NetName=C2_Neut Pin=U2_3-1
Added Net: Name=C2_Neut
Added Pin To Net: NetName=NetC1_1_2 Pin=C1_1-2
Added Pin To Net: NetName=NetC1_1_2 Pin=L5_1-2
Added Pin To Net: NetName=NetC1_1_2 Pin=L6_1-1
Added Pin To Net: NetName=NetC1_1_2 Pin=R3_1-2
Added Net: Name=NetC1_1_2
Added Pin To Net: NetName=NetC1_2_2 Pin=C1_2-2
Added Pin To Net: NetName=NetC1_2_2 Pin=L5_2-2
Added Pin To Net: NetName=NetC1_2_2 Pin=L6_2-1
Added Pin To Net: NetName=NetC1_2_2 Pin=R3_2-2
Added Net: Name=NetC1_2_2
Added Pin To Net: NetName=NetC1_3_2 Pin=C1_3-2
Added Pin To Net: NetName=NetC1_3_2 Pin=L5_3-2
Added Pin To Net: NetName=NetC1_3_2 Pin=L6_3-1
Added Pin To Net: NetName=NetC1_3_2 Pin=R3_3-2
Added Net: Name=NetC1_3_2
Added Pin To Net: NetName=NetR3_1_1 Pin=R3_1-1
Added Pin To Net: NetName=NetR3_1_1 Pin=U2_1-5
Added Net: Name=NetR3_1_1
Added Pin To Net: NetName=NetR3_2_1 Pin=R3_2-1
Added Pin To Net: NetName=NetR3_2_1 Pin=U2_2-5
Added Net: Name=NetR3_2_1
Added Pin To Net: NetName=NetR3_3_1 Pin=R3_3-1
Added Pin To Net: NetName=NetR3_3_1 Pin=U2_3-5
Added Net: Name=NetR3_3_1
Added Pin To Net: NetName=V_capB_1 Pin=J1-27
Added Pin To Net: NetName=V_capB_1 Pin=R4_1-2
Added Pin To Net: NetName=V_capB_1 Pin=TP21-1
Added Pin To Net: NetName=V_capB_1 Pin=U2_1-2
Added Net: Name=V_capB_1
Added Pin To Net: NetName=V_capB_2 Pin=J1-29
Added Pin To Net: NetName=V_capB_2 Pin=R4_2-2
Added Pin To Net: NetName=V_capB_2 Pin=TP22-1
Added Pin To Net: NetName=V_capB_2 Pin=U2_2-2
Added Net: Name=V_capB_2
Added Pin To Net: NetName=V_capB_3 Pin=J1-31
Added Pin To Net: NetName=V_capB_3 Pin=R4_3-2
Added Pin To Net: NetName=V_capB_3 Pin=TP23-1
Added Pin To Net: NetName=V_capB_3 Pin=U2_3-2
Added Net: Name=V_capB_3
Added Pin To Net: NetName=V_o_outB_1 Pin=J8-3
Added Pin To Net: NetName=V_o_outB_1 Pin=L6_1-2
Added Net: Name=V_o_outB_1
Added Pin To Net: NetName=V_o_outB_2 Pin=J8-2
Added Pin To Net: NetName=V_o_outB_2 Pin=L6_2-2
Added Net: Name=V_o_outB_2
Added Pin To Net: NetName=V_o_outB_3 Pin=J8-1
Added Pin To Net: NetName=V_o_outB_3 Pin=L6_3-2
Added Net: Name=V_o_outB_3
Added Pin To Net: NetName=V_termB_1 Pin=L2-4
Added Pin To Net: NetName=V_termB_1 Pin=L5_1-1
Added Net: Name=V_termB_1
Added Pin To Net: NetName=V_termB_2 Pin=L2-5
Added Pin To Net: NetName=V_termB_2 Pin=L5_2-1
Added Net: Name=V_termB_2
Added Pin To Net: NetName=V_termB_3 Pin=L2-6
Added Pin To Net: NetName=V_termB_3 Pin=L5_3-1
Added Net: Name=V_termB_3
Added Class: Name=LCL_21
Added Class: Name=LCL_22
Added Class: Name=LCL_23
Added Class: Name=V_capA_[1..3]
Added Class: Name=V_capB_[1..3]
Added Class: Name=V_o_outA_[1..3]
Added Class: Name=V_o_outB_[1..3]
Added Class: Name=V_termA_[1..3]
Added Class: Name=V_termB_[1..3]
Added Class: Name=LCL_2
Added Room: Name=Intermediate_LCL_Top_20230320
Added Room: Name=LCL_11
Added Room: Name=LCL_12
Added Room: Name=LCL_13
Added Room: Name=LCL_21
Added Room: Name=LCL_22
Added Room: Name=LCL_23
