Add Pin To Net: Unknown Pin: Pin U3-01
Add Pin To Net: Unknown Pin: Pin U3-02
Add Pin To Net: Unknown Pin: Pin U3-03
Add Pin To Net: Unknown Pin: Pin U3-04
Add Pin To Net: Unknown Pin: Pin U3-07
Add Pin To Net: Unknown Pin: Pin U3-08
Add Pin To Net: Unknown Pin: Pin U4-01
Add Pin To Net: Unknown Pin: Pin U4-02
Add Pin To Net: Unknown Pin: Pin U4-03
Add Pin To Net: Unknown Pin: Pin U4-04
Add Pin To Net: Unknown Pin: Pin U4-07
Add Pin To Net: Unknown Pin: Pin U4-08
Change Net Name : Old Net Name=NetR11_2 New Net Name=OA2+
Change Net Name : Old Net Name=NetR12_1 New Net Name=OA3-
Change Net Name : Old Net Name=NetR14_2 New Net Name=OA3+
Change Net Name : Old Net Name=NetR25_2 New Net Name=OB2+
Change Net Name : Old Net Name=NetR26_1 New Net Name=OB3-
Change Net Name : Old Net Name=NetR28_2 New Net Name=OB3+
Added Pin To Net: NetName=OA1+ Pin=R8-2
Added Pin To Net: NetName=OA1+ Pin=R17-2
Added Net: Name=OA1+
Added Pin To Net: NetName=OA1- Pin=R6-1
Added Pin To Net: NetName=OA1- Pin=R7-2
Added Net: Name=OA1-
Added Pin To Net: NetName=OA2- Pin=R9-1
Added Pin To Net: NetName=OA2- Pin=R10-2
Added Net: Name=OA2-
Added Pin To Net: NetName=OB1+ Pin=R22-2
Added Pin To Net: NetName=OB1+ Pin=R31-2
Added Net: Name=OB1+
Added Pin To Net: NetName=OB1- Pin=R20-1
Added Pin To Net: NetName=OB1- Pin=R21-2
Added Net: Name=OB1-
Added Pin To Net: NetName=OB2- Pin=R23-1
Added Pin To Net: NetName=OB2- Pin=R24-2
Added Net: Name=OB2-
