Change Physical Footprint: Designator=C1_1 Old Footprint=Film Capacitor PHE450HF7220JR06L2 New Footprint=Film Capacitor PHE450HF7220JR06L2
Change Physical Footprint: Designator=C1_2 Old Footprint=Film Capacitor PHE450HF7220JR06L2 New Footprint=Film Capacitor PHE450HF7220JR06L2
Change Physical Footprint: Designator=C1_3 Old Footprint=Film Capacitor PHE450HF7220JR06L2 New Footprint=Film Capacitor PHE450HF7220JR06L2
Change Physical Footprint: Designator=C2 Old Footprint=RAD-0.3 New Footprint=RAD-0.3
Change Physical Footprint: Designator=C3_1 Old Footprint=Film Capacitor PHE450HF7220JR06L2 New Footprint=Film Capacitor PHE450HF7220JR06L2
Change Physical Footprint: Designator=C3_2 Old Footprint=Film Capacitor PHE450HF7220JR06L2 New Footprint=Film Capacitor PHE450HF7220JR06L2
Change Physical Footprint: Designator=C3_3 Old Footprint=Film Capacitor PHE450HF7220JR06L2 New Footprint=Film Capacitor PHE450HF7220JR06L2
Change Physical Footprint: Designator=C4 Old Footprint=0805 Capacitor New Footprint=0805 Capacitor
Change Physical Footprint: Designator=C5 Old Footprint=0805 Capacitor New Footprint=0805 Capacitor
Change Physical Footprint: Designator=C6 Old Footprint=0805 Capacitor New Footprint=0805 Capacitor
Change Physical Footprint: Designator=C7 Old Footprint=0805 Capacitor New Footprint=0805 Capacitor
Change Physical Footprint: Designator=C8 Old Footprint=0805 Capacitor New Footprint=0805 Capacitor
Change Physical Footprint: Designator=C9 Old Footprint=1206 Capacitor New Footprint=1206 Capacitor
Change Physical Footprint: Designator=C10 Old Footprint=0805 Capacitor New Footprint=0805 Capacitor
Change Physical Footprint: Designator=C11 Old Footprint=1206 Capacitor New Footprint=1206 Capacitor
Change Physical Footprint: Designator=C12 Old Footprint=0805 Capacitor New Footprint=0805 Capacitor
Change Physical Footprint: Designator=C13 Old Footprint=1206 Capacitor New Footprint=1206 Capacitor
Change Physical Footprint: Designator=C14 Old Footprint=0805 Capacitor New Footprint=0805 Capacitor
Change Physical Footprint: Designator=C15 Old Footprint=1206 Capacitor New Footprint=1206 Capacitor
Change Physical Footprint: Designator=C16 Old Footprint=0805 Capacitor New Footprint=0805 Capacitor
Change Physical Footprint: Designator=C17 Old Footprint=1206 Capacitor New Footprint=1206 Capacitor
Change Physical Footprint: Designator=C18 Old Footprint=0805 Capacitor New Footprint=0805 Capacitor
Change Physical Footprint: Designator=C19 Old Footprint=1206 Capacitor New Footprint=1206 Capacitor
Change Physical Footprint: Designator=C20 Old Footprint=0805 Capacitor New Footprint=0805 Capacitor
Change Physical Footprint: Designator=C21 Old Footprint=1206 Capacitor New Footprint=1206 Capacitor
Change Physical Footprint: Designator=C22 Old Footprint=0805 Capacitor New Footprint=0805 Capacitor
Change Physical Footprint: Designator=C23 Old Footprint=1206 Capacitor New Footprint=1206 Capacitor
Change Physical Footprint: Designator=C24_1 Old Footprint=0805 Capacitor New Footprint=0805 Capacitor
Change Physical Footprint: Designator=C24_2 Old Footprint=0805 Capacitor New Footprint=0805 Capacitor
Change Physical Footprint: Designator=C24_3 Old Footprint=0805 Capacitor New Footprint=0805 Capacitor
Change Physical Footprint: Designator=C25_1 Old Footprint=1206 Capacitor New Footprint=1206 Capacitor
Change Physical Footprint: Designator=C25_2 Old Footprint=1206 Capacitor New Footprint=1206 Capacitor
Change Physical Footprint: Designator=C25_3 Old Footprint=1206 Capacitor New Footprint=1206 Capacitor
Change Physical Footprint: Designator=C26_1 Old Footprint=0805 Capacitor New Footprint=0805 Capacitor
Change Physical Footprint: Designator=C26_2 Old Footprint=0805 Capacitor New Footprint=0805 Capacitor
Change Physical Footprint: Designator=C26_3 Old Footprint=0805 Capacitor New Footprint=0805 Capacitor
Change Physical Footprint: Designator=C27_1 Old Footprint=1206 Capacitor New Footprint=1206 Capacitor
Change Physical Footprint: Designator=C27_2 Old Footprint=1206 Capacitor New Footprint=1206 Capacitor
Change Physical Footprint: Designator=C27_3 Old Footprint=1206 Capacitor New Footprint=1206 Capacitor
Change Physical Footprint: Designator=C28_1 Old Footprint=0805 Capacitor New Footprint=0805 Capacitor
Change Physical Footprint: Designator=C28_2 Old Footprint=0805 Capacitor New Footprint=0805 Capacitor
Change Physical Footprint: Designator=C28_3 Old Footprint=0805 Capacitor New Footprint=0805 Capacitor
Change Physical Footprint: Designator=C29_1 Old Footprint=1206 Capacitor New Footprint=1206 Capacitor
Change Physical Footprint: Designator=C29_2 Old Footprint=1206 Capacitor New Footprint=1206 Capacitor
Change Physical Footprint: Designator=C29_3 Old Footprint=1206 Capacitor New Footprint=1206 Capacitor
Change Physical Footprint: Designator=C30_1 Old Footprint=0805 Capacitor New Footprint=0805 Capacitor
Change Physical Footprint: Designator=C30_2 Old Footprint=0805 Capacitor New Footprint=0805 Capacitor
Change Physical Footprint: Designator=C30_3 Old Footprint=0805 Capacitor New Footprint=0805 Capacitor
Change Physical Footprint: Designator=C31_1 Old Footprint=1206 Capacitor New Footprint=1206 Capacitor
Change Physical Footprint: Designator=C31_2 Old Footprint=1206 Capacitor New Footprint=1206 Capacitor
Change Physical Footprint: Designator=C31_3 Old Footprint=1206 Capacitor New Footprint=1206 Capacitor
Change Physical Footprint: Designator=J1 Old Footprint=SHF-125-01-L-D-RA New Footprint=SHF-125-01-L-D-RA
Change Physical Footprint: Designator=J2 Old Footprint=SHF-125-01-L-D-RA New Footprint=SHF-125-01-L-D-RA
Change Physical Footprint: Designator=J3 Old Footprint=SSQ-110-03-T-D New Footprint=SSQ-110-03-T-D
Change Physical Footprint: Designator=J4 Old Footprint=SSQ-110-03-T-D New Footprint=SSQ-110-03-T-D
Change Physical Footprint: Designator=J5 Old Footprint=M5 Mounting Hole New Footprint=M5 Mounting Hole
Change Physical Footprint: Designator=J6 Old Footprint=3 Pin Terminal New Footprint=3 Pin Terminal
Change Physical Footprint: Designator=J7 Old Footprint=3 Pin Terminal New Footprint=3 Pin Terminal
Change Physical Footprint: Designator=J8 Old Footprint=3 Pin Terminal New Footprint=3 Pin Terminal
Change Physical Footprint: Designator=J9 Old Footprint=3 Pin Terminal New Footprint=3 Pin Terminal
Change Physical Footprint: Designator=J10 Old Footprint=M5 Mounting Hole New Footprint=M5 Mounting Hole
Change Physical Footprint: Designator=J11 Old Footprint=SSQ-110-03-T-D New Footprint=SSQ-110-03-T-D
Change Physical Footprint: Designator=J12 Old Footprint=SSQ-110-03-T-D New Footprint=SSQ-110-03-T-D
Change Physical Footprint: Designator=J13 Old Footprint=M5 Mounting Hole New Footprint=M5 Mounting Hole
Change Physical Footprint: Designator=J14 Old Footprint=M5 Mounting Hole New Footprint=M5 Mounting Hole
Change Physical Footprint: Designator=J15 Old Footprint=M5 Mounting Hole New Footprint=M5 Mounting Hole
Change Physical Footprint: Designator=J16 Old Footprint=M5 Mounting Hole New Footprint=M5 Mounting Hole
Change Physical Footprint: Designator=J17 Old Footprint=M5 Mounting Hole New Footprint=M5 Mounting Hole
Change Physical Footprint: Designator=J18 Old Footprint=M5 Earthing Hole New Footprint=M5 Earthing Hole
Change Physical Footprint: Designator=J19 Old Footprint=M5 Mounting Hole New Footprint=M5 Mounting Hole
Change Physical Footprint: Designator=J20 Old Footprint=M5 Mounting Hole New Footprint=M5 Mounting Hole
Change Physical Footprint: Designator=L1 Old Footprint=CM Choke Custom New Footprint=CM Choke Custom
Change Physical Footprint: Designator=L2 Old Footprint=CM Choke Custom New Footprint=CM Choke Custom
Change Physical Footprint: Designator=L3_1 Old Footprint=4mH Custom New Footprint=4mH Custom
Change Physical Footprint: Designator=L3_2 Old Footprint=4mH Custom New Footprint=4mH Custom
Change Physical Footprint: Designator=L3_3 Old Footprint=4mH Custom New Footprint=4mH Custom
Change Physical Footprint: Designator=L4_1 Old Footprint=380uH Custom New Footprint=380uH Custom
Change Physical Footprint: Designator=L4_2 Old Footprint=380uH Custom New Footprint=380uH Custom
Change Physical Footprint: Designator=L4_3 Old Footprint=380uH Custom New Footprint=380uH Custom
Change Physical Footprint: Designator=L5_1 Old Footprint=4mH Custom New Footprint=4mH Custom
Change Physical Footprint: Designator=L5_2 Old Footprint=4mH Custom New Footprint=4mH Custom
Change Physical Footprint: Designator=L5_3 Old Footprint=4mH Custom New Footprint=4mH Custom
Change Physical Footprint: Designator=L6_1 Old Footprint=380uH Custom New Footprint=380uH Custom
Change Physical Footprint: Designator=L6_2 Old Footprint=380uH Custom New Footprint=380uH Custom
Change Physical Footprint: Designator=L6_3 Old Footprint=380uH Custom New Footprint=380uH Custom
Change Physical Footprint: Designator=R1_1 Old Footprint=2512 Resistor New Footprint=2512 Resistor
Change Physical Footprint: Designator=R1_2 Old Footprint=2512 Resistor New Footprint=2512 Resistor
Change Physical Footprint: Designator=R1_3 Old Footprint=2512 Resistor New Footprint=2512 Resistor
Change Physical Footprint: Designator=R2_1 Old Footprint=1206 Resistor New Footprint=1206 Resistor
Change Physical Footprint: Designator=R2_2 Old Footprint=1206 Resistor New Footprint=1206 Resistor
Change Physical Footprint: Designator=R2_3 Old Footprint=1206 Resistor New Footprint=1206 Resistor
Change Physical Footprint: Designator=R3_1 Old Footprint=2512 Resistor New Footprint=2512 Resistor
Change Physical Footprint: Designator=R3_2 Old Footprint=2512 Resistor New Footprint=2512 Resistor
Change Physical Footprint: Designator=R3_3 Old Footprint=2512 Resistor New Footprint=2512 Resistor
Change Physical Footprint: Designator=R4_1 Old Footprint=1206 Resistor New Footprint=1206 Resistor
Change Physical Footprint: Designator=R4_2 Old Footprint=1206 Resistor New Footprint=1206 Resistor
Change Physical Footprint: Designator=R4_3 Old Footprint=1206 Resistor New Footprint=1206 Resistor
Change Physical Footprint: Designator=R5 Old Footprint=0805 Resistor New Footprint=0805 Resistor
Change Physical Footprint: Designator=R6 Old Footprint=0805 Resistor New Footprint=0805 Resistor
Change Physical Footprint: Designator=R7 Old Footprint=0805 Resistor New Footprint=0805 Resistor
Change Physical Footprint: Designator=R8 Old Footprint=0805 Resistor New Footprint=0805 Resistor
Change Physical Footprint: Designator=R9 Old Footprint=0805 Resistor New Footprint=0805 Resistor
Change Physical Footprint: Designator=R10 Old Footprint=0805 Resistor New Footprint=0805 Resistor
Change Physical Footprint: Designator=R11 Old Footprint=0805 Resistor New Footprint=0805 Resistor
Change Physical Footprint: Designator=R12 Old Footprint=0805 Resistor New Footprint=0805 Resistor
Change Physical Footprint: Designator=R13 Old Footprint=0805 Resistor New Footprint=0805 Resistor
Change Physical Footprint: Designator=R14 Old Footprint=0805 Resistor New Footprint=0805 Resistor
Change Physical Footprint: Designator=R15 Old Footprint=0805 Resistor New Footprint=0805 Resistor
Change Physical Footprint: Designator=R16 Old Footprint=0805 Resistor New Footprint=0805 Resistor
Change Physical Footprint: Designator=R33_1 Old Footprint=0805 Resistor New Footprint=0805 Resistor
Change Physical Footprint: Designator=R33_2 Old Footprint=0805 Resistor New Footprint=0805 Resistor
Change Physical Footprint: Designator=R33_3 Old Footprint=0805 Resistor New Footprint=0805 Resistor
Change Physical Footprint: Designator=R34_1 Old Footprint=0805 Resistor New Footprint=0805 Resistor
Change Physical Footprint: Designator=R34_2 Old Footprint=0805 Resistor New Footprint=0805 Resistor
Change Physical Footprint: Designator=R34_3 Old Footprint=0805 Resistor New Footprint=0805 Resistor
Change Physical Footprint: Designator=R35_1 Old Footprint=0805 Resistor New Footprint=0805 Resistor
Change Physical Footprint: Designator=R35_2 Old Footprint=0805 Resistor New Footprint=0805 Resistor
Change Physical Footprint: Designator=R35_3 Old Footprint=0805 Resistor New Footprint=0805 Resistor
Change Physical Footprint: Designator=R36_1 Old Footprint=0805 Resistor New Footprint=0805 Resistor
Change Physical Footprint: Designator=R36_2 Old Footprint=0805 Resistor New Footprint=0805 Resistor
Change Physical Footprint: Designator=R36_3 Old Footprint=0805 Resistor New Footprint=0805 Resistor
Change Physical Footprint: Designator=R37_1 Old Footprint=0805 Resistor New Footprint=0805 Resistor
Change Physical Footprint: Designator=R37_2 Old Footprint=0805 Resistor New Footprint=0805 Resistor
Change Physical Footprint: Designator=R37_3 Old Footprint=0805 Resistor New Footprint=0805 Resistor
Change Physical Footprint: Designator=R38_1 Old Footprint=0805 Resistor New Footprint=0805 Resistor
Change Physical Footprint: Designator=R38_2 Old Footprint=0805 Resistor New Footprint=0805 Resistor
Change Physical Footprint: Designator=R38_3 Old Footprint=0805 Resistor New Footprint=0805 Resistor
Change Physical Footprint: Designator=R39_1 Old Footprint=0805 Resistor New Footprint=0805 Resistor
Change Physical Footprint: Designator=R39_2 Old Footprint=0805 Resistor New Footprint=0805 Resistor
Change Physical Footprint: Designator=R39_3 Old Footprint=0805 Resistor New Footprint=0805 Resistor
Change Physical Footprint: Designator=R40_1 Old Footprint=0805 Resistor New Footprint=0805 Resistor
Change Physical Footprint: Designator=R40_2 Old Footprint=0805 Resistor New Footprint=0805 Resistor
Change Physical Footprint: Designator=R40_3 Old Footprint=0805 Resistor New Footprint=0805 Resistor
Change Physical Footprint: Designator=TP1 Old Footprint=PCB 1.32mm TestPoint New Footprint=PCB 1.32mm TestPoint
Change Physical Footprint: Designator=TP2 Old Footprint=PCB 1.32mm TestPoint New Footprint=PCB 1.32mm TestPoint
Change Physical Footprint: Designator=TP3 Old Footprint=PCB 1.32mm TestPoint New Footprint=PCB 1.32mm TestPoint
Change Physical Footprint: Designator=TP4 Old Footprint=PCB 1.32mm TestPoint New Footprint=PCB 1.32mm TestPoint
Change Physical Footprint: Designator=TP5 Old Footprint=PCB 1.32mm TestPoint New Footprint=PCB 1.32mm TestPoint
Change Physical Footprint: Designator=TP6 Old Footprint=PCB 1.32mm TestPoint New Footprint=PCB 1.32mm TestPoint
Change Physical Footprint: Designator=TP7 Old Footprint=PCB 1.32mm TestPoint New Footprint=PCB 1.32mm TestPoint
Change Physical Footprint: Designator=TP8 Old Footprint=PCB 1.32mm TestPoint New Footprint=PCB 1.32mm TestPoint
Change Physical Footprint: Designator=TP9 Old Footprint=PCB 1.32mm TestPoint New Footprint=PCB 1.32mm TestPoint
Change Physical Footprint: Designator=TP10 Old Footprint=PCB 1.32mm TestPoint New Footprint=PCB 1.32mm TestPoint
Change Physical Footprint: Designator=TP11 Old Footprint=PCB 1.32mm TestPoint New Footprint=PCB 1.32mm TestPoint
Change Physical Footprint: Designator=TP12 Old Footprint=PCB 1.32mm TestPoint New Footprint=PCB 1.32mm TestPoint
Change Physical Footprint: Designator=TP13 Old Footprint=PCB 1.32mm TestPoint New Footprint=PCB 1.32mm TestPoint
Change Physical Footprint: Designator=TP14 Old Footprint=PCB 1.32mm TestPoint New Footprint=PCB 1.32mm TestPoint
Change Physical Footprint: Designator=TP15 Old Footprint=PCB 1.32mm TestPoint New Footprint=PCB 1.32mm TestPoint
Change Physical Footprint: Designator=TP16 Old Footprint=PCB 1.32mm TestPoint New Footprint=PCB 1.32mm TestPoint
Change Physical Footprint: Designator=TP17 Old Footprint=PCB 1.32mm TestPoint New Footprint=PCB 1.32mm TestPoint
Change Physical Footprint: Designator=TP18 Old Footprint=PCB 1.32mm TestPoint New Footprint=PCB 1.32mm TestPoint
Change Physical Footprint: Designator=TP19 Old Footprint=PCB 1.32mm TestPoint New Footprint=PCB 1.32mm TestPoint
Change Physical Footprint: Designator=TP20 Old Footprint=PCB 1.32mm TestPoint New Footprint=PCB 1.32mm TestPoint
Change Physical Footprint: Designator=TP35 Old Footprint=1.9mm Hole New Footprint=1.9mm Hole
Change Physical Footprint: Designator=U1_1 Old Footprint=LV-25-P New Footprint=LV-25-P
Change Physical Footprint: Designator=U1_2 Old Footprint=LV-25-P New Footprint=LV-25-P
Change Physical Footprint: Designator=U1_3 Old Footprint=LV-25-P New Footprint=LV-25-P
Change Physical Footprint: Designator=U2_1 Old Footprint=LV-25-P New Footprint=LV-25-P
Change Physical Footprint: Designator=U2_2 Old Footprint=LV-25-P New Footprint=LV-25-P
Change Physical Footprint: Designator=U2_3 Old Footprint=LV-25-P New Footprint=LV-25-P
Change Physical Footprint: Designator=U3 Old Footprint=SOIC-14 New Footprint=SOIC-14
Change Physical Footprint: Designator=U4 Old Footprint=SOIC-14 New Footprint=SOIC-14
Change Physical Footprint: Designator=U5 Old Footprint=SOIC-14 New Footprint=SOIC-14
Change Physical Footprint: Designator=U6 Old Footprint=SOIC-14 New Footprint=SOIC-14
