Change Physical Footprint: Designator=C1_1 Old Footprint=Film Capacitor PHE450HF7220JR06L2 New Footprint=Film Capacitor PHE450HF7220JR06L2
Change Physical Footprint: Designator=C1_2 Old Footprint=Film Capacitor PHE450HF7220JR06L2 New Footprint=Film Capacitor PHE450HF7220JR06L2
Change Physical Footprint: Designator=C1_3 Old Footprint=Film Capacitor PHE450HF7220JR06L2 New Footprint=Film Capacitor PHE450HF7220JR06L2
Change Physical Footprint: Designator=C3_1 Old Footprint=Film Capacitor PHE450HF7220JR06L2 New Footprint=Film Capacitor PHE450HF7220JR06L2
Change Physical Footprint: Designator=C3_2 Old Footprint=Film Capacitor PHE450HF7220JR06L2 New Footprint=Film Capacitor PHE450HF7220JR06L2
Change Physical Footprint: Designator=C3_3 Old Footprint=Film Capacitor PHE450HF7220JR06L2 New Footprint=Film Capacitor PHE450HF7220JR06L2
Change Physical Footprint: Designator=J6 Old Footprint=3 Pin Terminal New Footprint=3 Pin Terminal
Change Physical Footprint: Designator=J7 Old Footprint=3 Pin Terminal New Footprint=3 Pin Terminal
Change Physical Footprint: Designator=J8 Old Footprint=3 Pin Terminal New Footprint=3 Pin Terminal
Change Physical Footprint: Designator=J9 Old Footprint=3 Pin Terminal New Footprint=3 Pin Terminal
Change Physical Footprint: Designator=L1 Old Footprint=CM Choke Custom New Footprint=CM Choke Custom
Change Physical Footprint: Designator=L2 Old Footprint=CM Choke Custom New Footprint=CM Choke Custom
Change Physical Footprint: Designator=L3_1 Old Footprint=4mH Custom New Footprint=4mH Custom
Change Physical Footprint: Designator=L3_2 Old Footprint=4mH Custom New Footprint=4mH Custom
Change Physical Footprint: Designator=L3_3 Old Footprint=4mH Custom New Footprint=4mH Custom
Change Physical Footprint: Designator=L4_1 Old Footprint=380uH Custom New Footprint=380uH Custom
Change Physical Footprint: Designator=L4_2 Old Footprint=380uH Custom New Footprint=380uH Custom
Change Physical Footprint: Designator=L4_3 Old Footprint=380uH Custom New Footprint=380uH Custom
Change Physical Footprint: Designator=L5_1 Old Footprint=4mH Custom New Footprint=4mH Custom
Change Physical Footprint: Designator=L5_2 Old Footprint=4mH Custom New Footprint=4mH Custom
Change Physical Footprint: Designator=L5_3 Old Footprint=4mH Custom New Footprint=4mH Custom
Change Physical Footprint: Designator=L6_1 Old Footprint=380uH Custom New Footprint=380uH Custom
Change Physical Footprint: Designator=L6_2 Old Footprint=380uH Custom New Footprint=380uH Custom
Change Physical Footprint: Designator=L6_3 Old Footprint=380uH Custom New Footprint=380uH Custom
Change Physical Footprint: Designator=TP1 Old Footprint=PCB 1.32mm TestPoint New Footprint=PCB 1.32mm TestPoint
Change Physical Footprint: Designator=TP2 Old Footprint=PCB 1.32mm TestPoint New Footprint=PCB 1.32mm TestPoint
Change Physical Footprint: Designator=TP3 Old Footprint=PCB 1.32mm TestPoint New Footprint=PCB 1.32mm TestPoint
Change Physical Footprint: Designator=TP4 Old Footprint=PCB 1.32mm TestPoint New Footprint=PCB 1.32mm TestPoint
Change Physical Footprint: Designator=TP5 Old Footprint=PCB 1.32mm TestPoint New Footprint=PCB 1.32mm TestPoint
Change Physical Footprint: Designator=TP6 Old Footprint=PCB 1.32mm TestPoint New Footprint=PCB 1.32mm TestPoint
Change Physical Footprint: Designator=TP7 Old Footprint=PCB 1.32mm TestPoint New Footprint=PCB 1.32mm TestPoint
Change Physical Footprint: Designator=TP8 Old Footprint=PCB 1.32mm TestPoint New Footprint=PCB 1.32mm TestPoint
Change Physical Footprint: Designator=TP9 Old Footprint=PCB 1.32mm TestPoint New Footprint=PCB 1.32mm TestPoint
Change Physical Footprint: Designator=TP10 Old Footprint=PCB 1.32mm TestPoint New Footprint=PCB 1.32mm TestPoint
Change Physical Footprint: Designator=TP11 Old Footprint=PCB 1.32mm TestPoint New Footprint=PCB 1.32mm TestPoint
Change Physical Footprint: Designator=TP12 Old Footprint=PCB 1.32mm TestPoint New Footprint=PCB 1.32mm TestPoint
Change Physical Footprint: Designator=TP13 Old Footprint=PCB 1.32mm TestPoint New Footprint=PCB 1.32mm TestPoint
Change Physical Footprint: Designator=TP14 Old Footprint=PCB 1.32mm TestPoint New Footprint=PCB 1.32mm TestPoint
Change Physical Footprint: Designator=TP15 Old Footprint=PCB 1.32mm TestPoint New Footprint=PCB 1.32mm TestPoint
Change Physical Footprint: Designator=TP16 Old Footprint=PCB 1.32mm TestPoint New Footprint=PCB 1.32mm TestPoint
Change Physical Footprint: Designator=TP17 Old Footprint=PCB 1.32mm TestPoint New Footprint=PCB 1.32mm TestPoint
Change Physical Footprint: Designator=TP18 Old Footprint=PCB 1.32mm TestPoint New Footprint=PCB 1.32mm TestPoint
Change Physical Footprint: Designator=TP19 Old Footprint=PCB 1.32mm TestPoint New Footprint=PCB 1.32mm TestPoint
Change Physical Footprint: Designator=TP20 Old Footprint=PCB 1.32mm TestPoint New Footprint=PCB 1.32mm TestPoint
Change Physical Footprint: Designator=TP28 Old Footprint=1.9mm Hole New Footprint=1.9mm Hole
Change Physical Footprint: Designator=TP35 Old Footprint=1.9mm Hole New Footprint=1.9mm Hole
Change Physical Footprint: Designator=U1_1 Old Footprint=LV-25-P New Footprint=LV-25-P
Change Physical Footprint: Designator=U1_2 Old Footprint=LV-25-P New Footprint=LV-25-P
Change Physical Footprint: Designator=U1_3 Old Footprint=LV-25-P New Footprint=LV-25-P
Change Physical Footprint: Designator=U2_1 Old Footprint=LV-25-P New Footprint=LV-25-P
Change Physical Footprint: Designator=U2_2 Old Footprint=LV-25-P New Footprint=LV-25-P
Change Physical Footprint: Designator=U2_3 Old Footprint=LV-25-P New Footprint=LV-25-P
