Removed Pin From Net: NetName=PCB_OT_1 Pin=J2-33
Removed Pin From Net: NetName=PWM_EN_1 Pin=J2-35
Removed Pin From Net: NetName=PCB_OT_2 Pin=J2-37
Removed Pin From Net: NetName=PWM_EN_2 Pin=J2-39
Removed Pin From Net: NetName=PCB_OT_1 Pin=TP25-1
Removed Pin From Net: NetName=PWM_EN_1 Pin=TP26-1
Removed Pin From Net: NetName=PCB_OT_2 Pin=TP27-1
Removed Pin From Net: NetName=PWM_EN_2 Pin=TP30-1
Removed Member From Class: ClassName=Intermediate_LCL_Top_20230320 Member=TP25
Removed Member From Class: ClassName=Intermediate_LCL_Top_20230320 Member=TP26
Removed Member From Class: ClassName=Intermediate_LCL_Top_20230320 Member=TP27
Removed Member From Class: ClassName=Intermediate_LCL_Top_20230320 Member=TP30
Added Component: Designator=TP17(PCB 1.32mm TestPoint)
Added Component: Designator=TP18(PCB 1.32mm TestPoint)
Added Component: Designator=TP19(PCB 1.32mm TestPoint)
Added Component: Designator=TP20(PCB 1.32mm TestPoint)
Added Pin To Net: NetName=PCB_OT_2 Pin=J2-33
Added Pin To Net: NetName=PWM_EN_2 Pin=J2-35
Added Pin To Net: NetName=PCB_OT_1 Pin=J2-45
Added Pin To Net: NetName=PWM_EN_1 Pin=J2-47
Added Pin To Net: NetName=PCB_OT_2 Pin=TP17-1
Added Pin To Net: NetName=PWM_EN_2 Pin=TP18-1
Added Pin To Net: NetName=PCB_OT_1 Pin=TP19-1
Added Pin To Net: NetName=PWM_EN_1 Pin=TP20-1
Added Member To Class: ClassName=Intermediate_LCL_Top_20230320 Member=Component TP17 PCBTestpoint
Added Member To Class: ClassName=Intermediate_LCL_Top_20230320 Member=Component TP18 PCBTestpoint
Added Member To Class: ClassName=Intermediate_LCL_Top_20230320 Member=Component TP19 PCBTestpoint
Added Member To Class: ClassName=Intermediate_LCL_Top_20230320 Member=Component TP20 PCBTestpoint
Added Member To Class: ClassName=LCL_21 Member=Component U2_1 (U2) LV25P
Added Room: Name=Intermediate_LCL_Top_20230320
Added Room: Name=LCL_11
Added Room: Name=LCL_12
Added Room: Name=LCL_13
Added Room: Name=LCL_21
Added Room: Name=LCL_22
Added Room: Name=LCL_23
