Removed Pin From Net: NetName=I_lB_1 Pin=J11-14
Removed Pin From Net: NetName=I_lB_2 Pin=J11-16
Removed Pin From Net: NetName=I_lB_3 Pin=J11-18
Removed Pin From Net: NetName=NetC3_1_2 Pin=R1_1-2
Removed Pin From Net: NetName=NetC3_2_2 Pin=R1_2-2
Removed Pin From Net: NetName=NetC3_3_2 Pin=R1_3-2
Removed Pin From Net: NetName=NetC1_1_2 Pin=R3_1-2
Removed Pin From Net: NetName=NetC1_2_2 Pin=R3_2-2
Removed Pin From Net: NetName=NetC1_3_2 Pin=R3_3-2
Removed Pin From Net: NetName=AGND Pin=R15-1
Removed Pin From Net: NetName=AGND Pin=R16-1
Removed Pin From Net: NetName=AGND Pin=R17-1
Removed Pin From Net: NetName=AGND Pin=R18-1
Removed Pin From Net: NetName=I_lB_1 Pin=R20-2
Removed Pin From Net: NetName=I_lB_1 Pin=R22-1
Removed Pin From Net: NetName=I_lB_2 Pin=R23-2
Removed Pin From Net: NetName=I_lB_2 Pin=R25-1
Removed Pin From Net: NetName=I_lB_3 Pin=R26-2
Removed Pin From Net: NetName=I_lB_3 Pin=R28-1
Removed Pin From Net: NetName=AGND Pin=R29-1
Removed Pin From Net: NetName=AGND Pin=R30-1
Removed Pin From Net: NetName=AGND Pin=R31-1
Removed Pin From Net: NetName=AGND Pin=R32-1
Removed Member From Class: ClassName=Intermediate_LCL_Top_20230320 Member=R17
Removed Member From Class: ClassName=Intermediate_LCL_Top_20230320 Member=R18
Removed Member From Class: ClassName=Intermediate_LCL_Top_20230320 Member=R19
Removed Member From Class: ClassName=Intermediate_LCL_Top_20230320 Member=R20
Removed Member From Class: ClassName=Intermediate_LCL_Top_20230320 Member=R21
Removed Member From Class: ClassName=Intermediate_LCL_Top_20230320 Member=R22
Removed Member From Class: ClassName=Intermediate_LCL_Top_20230320 Member=R23
Removed Member From Class: ClassName=Intermediate_LCL_Top_20230320 Member=R24
Removed Member From Class: ClassName=Intermediate_LCL_Top_20230320 Member=R25
Removed Member From Class: ClassName=Intermediate_LCL_Top_20230320 Member=R26
Removed Member From Class: ClassName=Intermediate_LCL_Top_20230320 Member=R27
Removed Member From Class: ClassName=Intermediate_LCL_Top_20230320 Member=R28
Removed Member From Class: ClassName=Intermediate_LCL_Top_20230320 Member=R29
Removed Member From Class: ClassName=Intermediate_LCL_Top_20230320 Member=R30
Removed Member From Class: ClassName=Intermediate_LCL_Top_20230320 Member=R31
Removed Member From Class: ClassName=Intermediate_LCL_Top_20230320 Member=R32
Change Component Footprint: Designator=R5 Old Footprint=1206 Resistor New Footprint=0805 Resistor
Change Component Footprint: Designator=R6 Old Footprint=1206 Resistor New Footprint=0805 Resistor
Change Component Footprint: Designator=R7 Old Footprint=1206 Resistor New Footprint=0805 Resistor
Change Component Footprint: Designator=R8 Old Footprint=1206 Resistor New Footprint=0805 Resistor
Change Component Footprint: Designator=R9 Old Footprint=1206 Resistor New Footprint=0805 Resistor
Change Component Footprint: Designator=R10 Old Footprint=1206 Resistor New Footprint=0805 Resistor
Change Component Footprint: Designator=R11 Old Footprint=1206 Resistor New Footprint=0805 Resistor
Change Component Footprint: Designator=R12 Old Footprint=1206 Resistor New Footprint=0805 Resistor
Change Component Footprint: Designator=R13 Old Footprint=1206 Resistor New Footprint=0805 Resistor
Change Component Footprint: Designator=R14 Old Footprint=1206 Resistor New Footprint=0805 Resistor
Change Component Footprint: Designator=R15 Old Footprint=1206 Resistor New Footprint=0805 Resistor
Change Component Footprint: Designator=R16 Old Footprint=1206 Resistor New Footprint=0805 Resistor
Change Component Footprint: Designator=R1_1 Old Footprint=1206 Resistor New Footprint=2512 Resistor
Change Component Footprint: Designator=R1_2 Old Footprint=1206 Resistor New Footprint=2512 Resistor
Change Component Footprint: Designator=R1_3 Old Footprint=1206 Resistor New Footprint=2512 Resistor
Change Component Footprint: Designator=R3_1 Old Footprint=1206 Resistor New Footprint=2512 Resistor
Change Component Footprint: Designator=R3_2 Old Footprint=1206 Resistor New Footprint=2512 Resistor
Change Component Footprint: Designator=R3_3 Old Footprint=1206 Resistor New Footprint=2512 Resistor
Change Component Comment : Designator=R8 Old Comment=8.2k_1206 New Comment=10k_0805
Change Component Comment : Designator=R14 Old Comment=8.2k_1206 New Comment=10k_0805
Change Component Comment : Designator=R1_1 Old Comment=8.2k_1206 New Comment=10k_2512
Change Component Comment : Designator=R1_2 Old Comment=8.2k_1206 New Comment=10k_2512
Change Component Comment : Designator=R1_3 Old Comment=8.2k_1206 New Comment=10k_2512
Change Component Comment : Designator=R3_1 Old Comment=8.2k_1206 New Comment=10k_2512
Change Component Comment : Designator=R3_2 Old Comment=8.2k_1206 New Comment=10k_2512
Change Component Comment : Designator=R3_3 Old Comment=8.2k_1206 New Comment=10k_2512
Change Component Comment : Designator=R7 Old Comment=8.2k_1206 New Comment=20k_0805
Change Component Comment : Designator=R11 Old Comment=8.2k_1206 New Comment=20k_0805
Change Component Comment : Designator=R13 Old Comment=8.2k_1206 New Comment=20k_0805
Change Component Comment : Designator=R10 Old Comment=8.2k_1206 New Comment=200k_0805
Change Component Comment : Designator=R9 Old Comment=73.2k_1206 New Comment=10k_0805
Change Component Comment : Designator=R15 Old Comment=73.2k_1206 New Comment=10k_0805
Change Component Comment : Designator=R5 Old Comment=73.2k_1206 New Comment=20k_0805
Change Component Comment : Designator=R6 Old Comment=73.2k_1206 New Comment=200k_0805
Change Component Comment : Designator=R12 Old Comment=73.2k_1206 New Comment=200k_0805
Change Component Comment : Designator=R16 Old Comment=73.2k_1206 New Comment=200k_0805
Added Component: Designator=C4(0805 Capacitor)
Added Component: Designator=C5(0805 Capacitor)
Added Component: Designator=C6(0805 Capacitor)
Added Component: Designator=C7(0805 Capacitor)
Added Component: Designator=C8(0805 Capacitor)
Added Component: Designator=C9(1206 Capacitor)
Add component (AddParameter): Name = "Availability"; Value = "Unavailable"; VariantName = "[No Variations]"
Add component (AddParameter): Name = "MF"; Value = ""; VariantName = "[No Variations]"
Add component (AddParameter): Name = "MP"; Value = "C1206C120J5GACTU"; VariantName = "[No Variations]"
Add component (AddParameter): Name = "Package"; Value = "None"; VariantName = "[No Variations]"
Add component (AddParameter): Name = "Price"; Value = "None"; VariantName = "[No Variations]"
Add component (AddParameter): Name = "Value"; Value = ""; VariantName = "[No Variations]"
Added Component: Designator=C10(0805 Capacitor)
Added Component: Designator=C11(1206 Capacitor)
Add component (AddParameter): Name = "Availability"; Value = "Unavailable"; VariantName = "[No Variations]"
Add component (AddParameter): Name = "MF"; Value = ""; VariantName = "[No Variations]"
Add component (AddParameter): Name = "MP"; Value = "C1206C120J5GACTU"; VariantName = "[No Variations]"
Add component (AddParameter): Name = "Package"; Value = "None"; VariantName = "[No Variations]"
Add component (AddParameter): Name = "Price"; Value = "None"; VariantName = "[No Variations]"
Add component (AddParameter): Name = "Value"; Value = ""; VariantName = "[No Variations]"
Added Component: Designator=C12(0805 Capacitor)
Added Component: Designator=C13(1206 Capacitor)
Add component (AddParameter): Name = "Availability"; Value = "Unavailable"; VariantName = "[No Variations]"
Add component (AddParameter): Name = "MF"; Value = ""; VariantName = "[No Variations]"
Add component (AddParameter): Name = "MP"; Value = "C1206C120J5GACTU"; VariantName = "[No Variations]"
Add component (AddParameter): Name = "Package"; Value = "None"; VariantName = "[No Variations]"
Add component (AddParameter): Name = "Price"; Value = "None"; VariantName = "[No Variations]"
Add component (AddParameter): Name = "Value"; Value = ""; VariantName = "[No Variations]"
Added Component: Designator=C14(0805 Capacitor)
Added Component: Designator=C15(1206 Capacitor)
Add component (AddParameter): Name = "Availability"; Value = "Unavailable"; VariantName = "[No Variations]"
Add component (AddParameter): Name = "MF"; Value = ""; VariantName = "[No Variations]"
Add component (AddParameter): Name = "MP"; Value = "C1206C120J5GACTU"; VariantName = "[No Variations]"
Add component (AddParameter): Name = "Package"; Value = "None"; VariantName = "[No Variations]"
Add component (AddParameter): Name = "Price"; Value = "None"; VariantName = "[No Variations]"
Add component (AddParameter): Name = "Value"; Value = ""; VariantName = "[No Variations]"
Added Component: Designator=C16(0805 Capacitor)
Added Component: Designator=C17(1206 Capacitor)
Add component (AddParameter): Name = "Availability"; Value = "Unavailable"; VariantName = "[No Variations]"
Add component (AddParameter): Name = "MF"; Value = ""; VariantName = "[No Variations]"
Add component (AddParameter): Name = "MP"; Value = "C1206C120J5GACTU"; VariantName = "[No Variations]"
Add component (AddParameter): Name = "Package"; Value = "None"; VariantName = "[No Variations]"
Add component (AddParameter): Name = "Price"; Value = "None"; VariantName = "[No Variations]"
Add component (AddParameter): Name = "Value"; Value = ""; VariantName = "[No Variations]"
Added Component: Designator=C18(0805 Capacitor)
Added Component: Designator=C19(1206 Capacitor)
Add component (AddParameter): Name = "Availability"; Value = "Unavailable"; VariantName = "[No Variations]"
Add component (AddParameter): Name = "MF"; Value = ""; VariantName = "[No Variations]"
Add component (AddParameter): Name = "MP"; Value = "C1206C120J5GACTU"; VariantName = "[No Variations]"
Add component (AddParameter): Name = "Package"; Value = "None"; VariantName = "[No Variations]"
Add component (AddParameter): Name = "Price"; Value = "None"; VariantName = "[No Variations]"
Add component (AddParameter): Name = "Value"; Value = ""; VariantName = "[No Variations]"
Added Component: Designator=C20(0805 Capacitor)
Added Component: Designator=C21(1206 Capacitor)
Add component (AddParameter): Name = "Availability"; Value = "Unavailable"; VariantName = "[No Variations]"
Add component (AddParameter): Name = "MF"; Value = ""; VariantName = "[No Variations]"
Add component (AddParameter): Name = "MP"; Value = "C1206C120J5GACTU"; VariantName = "[No Variations]"
Add component (AddParameter): Name = "Package"; Value = "None"; VariantName = "[No Variations]"
Add component (AddParameter): Name = "Price"; Value = "None"; VariantName = "[No Variations]"
Add component (AddParameter): Name = "Value"; Value = ""; VariantName = "[No Variations]"
Added Component: Designator=C22(0805 Capacitor)
Added Component: Designator=C23(1206 Capacitor)
Add component (AddParameter): Name = "Availability"; Value = "Unavailable"; VariantName = "[No Variations]"
Add component (AddParameter): Name = "MF"; Value = ""; VariantName = "[No Variations]"
Add component (AddParameter): Name = "MP"; Value = "C1206C120J5GACTU"; VariantName = "[No Variations]"
Add component (AddParameter): Name = "Package"; Value = "None"; VariantName = "[No Variations]"
Add component (AddParameter): Name = "Price"; Value = "None"; VariantName = "[No Variations]"
Add component (AddParameter): Name = "Value"; Value = ""; VariantName = "[No Variations]"
Added Component: Designator=C24_1(0805 Capacitor)
Added Component: Designator=C24_2(0805 Capacitor)
Added Component: Designator=C24_3(0805 Capacitor)
Added Component: Designator=C25_1(1206 Capacitor)
Add component (AddParameter): Name = "Availability"; Value = "Unavailable"; VariantName = "[No Variations]"
Add component (AddParameter): Name = "MF"; Value = ""; VariantName = "[No Variations]"
Add component (AddParameter): Name = "MP"; Value = "C1206C120J5GACTU"; VariantName = "[No Variations]"
Add component (AddParameter): Name = "Package"; Value = "None"; VariantName = "[No Variations]"
Add component (AddParameter): Name = "Price"; Value = "None"; VariantName = "[No Variations]"
Add component (AddParameter): Name = "Value"; Value = ""; VariantName = "[No Variations]"
Added Component: Designator=C25_2(1206 Capacitor)
Add component (AddParameter): Name = "Availability"; Value = "Unavailable"; VariantName = "[No Variations]"
Add component (AddParameter): Name = "MF"; Value = ""; VariantName = "[No Variations]"
Add component (AddParameter): Name = "MP"; Value = "C1206C120J5GACTU"; VariantName = "[No Variations]"
Add component (AddParameter): Name = "Package"; Value = "None"; VariantName = "[No Variations]"
Add component (AddParameter): Name = "Price"; Value = "None"; VariantName = "[No Variations]"
Add component (AddParameter): Name = "Value"; Value = ""; VariantName = "[No Variations]"
Added Component: Designator=C25_3(1206 Capacitor)
Add component (AddParameter): Name = "Availability"; Value = "Unavailable"; VariantName = "[No Variations]"
Add component (AddParameter): Name = "MF"; Value = ""; VariantName = "[No Variations]"
Add component (AddParameter): Name = "MP"; Value = "C1206C120J5GACTU"; VariantName = "[No Variations]"
Add component (AddParameter): Name = "Package"; Value = "None"; VariantName = "[No Variations]"
Add component (AddParameter): Name = "Price"; Value = "None"; VariantName = "[No Variations]"
Add component (AddParameter): Name = "Value"; Value = ""; VariantName = "[No Variations]"
Added Component: Designator=C26_1(0805 Capacitor)
Added Component: Designator=C26_2(0805 Capacitor)
Added Component: Designator=C26_3(0805 Capacitor)
Added Component: Designator=C27_1(1206 Capacitor)
Add component (AddParameter): Name = "Availability"; Value = "Unavailable"; VariantName = "[No Variations]"
Add component (AddParameter): Name = "MF"; Value = ""; VariantName = "[No Variations]"
Add component (AddParameter): Name = "MP"; Value = "C1206C120J5GACTU"; VariantName = "[No Variations]"
Add component (AddParameter): Name = "Package"; Value = "None"; VariantName = "[No Variations]"
Add component (AddParameter): Name = "Price"; Value = "None"; VariantName = "[No Variations]"
Add component (AddParameter): Name = "Value"; Value = ""; VariantName = "[No Variations]"
Added Component: Designator=C27_2(1206 Capacitor)
Add component (AddParameter): Name = "Availability"; Value = "Unavailable"; VariantName = "[No Variations]"
Add component (AddParameter): Name = "MF"; Value = ""; VariantName = "[No Variations]"
Add component (AddParameter): Name = "MP"; Value = "C1206C120J5GACTU"; VariantName = "[No Variations]"
Add component (AddParameter): Name = "Package"; Value = "None"; VariantName = "[No Variations]"
Add component (AddParameter): Name = "Price"; Value = "None"; VariantName = "[No Variations]"
Add component (AddParameter): Name = "Value"; Value = ""; VariantName = "[No Variations]"
Added Component: Designator=C27_3(1206 Capacitor)
Add component (AddParameter): Name = "Availability"; Value = "Unavailable"; VariantName = "[No Variations]"
Add component (AddParameter): Name = "MF"; Value = ""; VariantName = "[No Variations]"
Add component (AddParameter): Name = "MP"; Value = "C1206C120J5GACTU"; VariantName = "[No Variations]"
Add component (AddParameter): Name = "Package"; Value = "None"; VariantName = "[No Variations]"
Add component (AddParameter): Name = "Price"; Value = "None"; VariantName = "[No Variations]"
Add component (AddParameter): Name = "Value"; Value = ""; VariantName = "[No Variations]"
Added Component: Designator=C28_1(0805 Capacitor)
Added Component: Designator=C28_2(0805 Capacitor)
Added Component: Designator=C28_3(0805 Capacitor)
Added Component: Designator=C29_1(1206 Capacitor)
Add component (AddParameter): Name = "Availability"; Value = "Unavailable"; VariantName = "[No Variations]"
Add component (AddParameter): Name = "MF"; Value = ""; VariantName = "[No Variations]"
Add component (AddParameter): Name = "MP"; Value = "C1206C120J5GACTU"; VariantName = "[No Variations]"
Add component (AddParameter): Name = "Package"; Value = "None"; VariantName = "[No Variations]"
Add component (AddParameter): Name = "Price"; Value = "None"; VariantName = "[No Variations]"
Add component (AddParameter): Name = "Value"; Value = ""; VariantName = "[No Variations]"
Added Component: Designator=C29_2(1206 Capacitor)
Add component (AddParameter): Name = "Availability"; Value = "Unavailable"; VariantName = "[No Variations]"
Add component (AddParameter): Name = "MF"; Value = ""; VariantName = "[No Variations]"
Add component (AddParameter): Name = "MP"; Value = "C1206C120J5GACTU"; VariantName = "[No Variations]"
Add component (AddParameter): Name = "Package"; Value = "None"; VariantName = "[No Variations]"
Add component (AddParameter): Name = "Price"; Value = "None"; VariantName = "[No Variations]"
Add component (AddParameter): Name = "Value"; Value = ""; VariantName = "[No Variations]"
Added Component: Designator=C29_3(1206 Capacitor)
Add component (AddParameter): Name = "Availability"; Value = "Unavailable"; VariantName = "[No Variations]"
Add component (AddParameter): Name = "MF"; Value = ""; VariantName = "[No Variations]"
Add component (AddParameter): Name = "MP"; Value = "C1206C120J5GACTU"; VariantName = "[No Variations]"
Add component (AddParameter): Name = "Package"; Value = "None"; VariantName = "[No Variations]"
Add component (AddParameter): Name = "Price"; Value = "None"; VariantName = "[No Variations]"
Add component (AddParameter): Name = "Value"; Value = ""; VariantName = "[No Variations]"
Added Component: Designator=C30_1(0805 Capacitor)
Added Component: Designator=C30_2(0805 Capacitor)
Added Component: Designator=C30_3(0805 Capacitor)
Added Component: Designator=C31_1(1206 Capacitor)
Add component (AddParameter): Name = "Availability"; Value = "Unavailable"; VariantName = "[No Variations]"
Add component (AddParameter): Name = "MF"; Value = ""; VariantName = "[No Variations]"
Add component (AddParameter): Name = "MP"; Value = "C1206C120J5GACTU"; VariantName = "[No Variations]"
Add component (AddParameter): Name = "Package"; Value = "None"; VariantName = "[No Variations]"
Add component (AddParameter): Name = "Price"; Value = "None"; VariantName = "[No Variations]"
Add component (AddParameter): Name = "Value"; Value = ""; VariantName = "[No Variations]"
Added Component: Designator=C31_2(1206 Capacitor)
Add component (AddParameter): Name = "Availability"; Value = "Unavailable"; VariantName = "[No Variations]"
Add component (AddParameter): Name = "MF"; Value = ""; VariantName = "[No Variations]"
Add component (AddParameter): Name = "MP"; Value = "C1206C120J5GACTU"; VariantName = "[No Variations]"
Add component (AddParameter): Name = "Package"; Value = "None"; VariantName = "[No Variations]"
Add component (AddParameter): Name = "Price"; Value = "None"; VariantName = "[No Variations]"
Add component (AddParameter): Name = "Value"; Value = ""; VariantName = "[No Variations]"
Added Component: Designator=C31_3(1206 Capacitor)
Add component (AddParameter): Name = "Availability"; Value = "Unavailable"; VariantName = "[No Variations]"
Add component (AddParameter): Name = "MF"; Value = ""; VariantName = "[No Variations]"
Add component (AddParameter): Name = "MP"; Value = "C1206C120J5GACTU"; VariantName = "[No Variations]"
Add component (AddParameter): Name = "Package"; Value = "None"; VariantName = "[No Variations]"
Add component (AddParameter): Name = "Price"; Value = "None"; VariantName = "[No Variations]"
Add component (AddParameter): Name = "Value"; Value = ""; VariantName = "[No Variations]"
Added Component: Designator=R33_1(0805 Resistor)
Add component (AddParameter): Name = "Availability"; Value = "Good"; VariantName = "[No Variations]"
Add component (AddParameter): Name = "DigiKey-Purchase-URL"; Value = "https://snapeda.com/shop?store=DigiKey&id=836123"; VariantName = "[No Variations]"
Add component (AddParameter): Name = "MF"; Value = "Bourns"; VariantName = "[No Variations]"
Add component (AddParameter): Name = "Mouser-Purchase-URL"; Value = "https://snapeda.com/shop?store=Mouser&id=836123"; VariantName = "[No Variations]"
Add component (AddParameter): Name = "MP"; Value = "CRE2512-FZ-R007E-3"; VariantName = "[No Variations]"
Add component (AddParameter): Name = "Package"; Value = "6432 Stackpole"; VariantName = "[No Variations]"
Add component (AddParameter): Name = "Price"; Value = "None"; VariantName = "[No Variations]"
Add component (AddParameter): Name = "SnapEDA_Link"; Value = "https://www.snapeda.com/parts/CRE2512-FZ-R007E-3/Bourns/view-part/836123/?ref=snap"; VariantName = "[No Variations]"
Add component (AddParameter): Name = "Value"; Value = ""; VariantName = "[No Variations]"
Added Component: Designator=R33_2(0805 Resistor)
Add component (AddParameter): Name = "Availability"; Value = "Good"; VariantName = "[No Variations]"
Add component (AddParameter): Name = "DigiKey-Purchase-URL"; Value = "https://snapeda.com/shop?store=DigiKey&id=836123"; VariantName = "[No Variations]"
Add component (AddParameter): Name = "MF"; Value = "Bourns"; VariantName = "[No Variations]"
Add component (AddParameter): Name = "Mouser-Purchase-URL"; Value = "https://snapeda.com/shop?store=Mouser&id=836123"; VariantName = "[No Variations]"
Add component (AddParameter): Name = "MP"; Value = "CRE2512-FZ-R007E-3"; VariantName = "[No Variations]"
Add component (AddParameter): Name = "Package"; Value = "6432 Stackpole"; VariantName = "[No Variations]"
Add component (AddParameter): Name = "Price"; Value = "None"; VariantName = "[No Variations]"
Add component (AddParameter): Name = "SnapEDA_Link"; Value = "https://www.snapeda.com/parts/CRE2512-FZ-R007E-3/Bourns/view-part/836123/?ref=snap"; VariantName = "[No Variations]"
Add component (AddParameter): Name = "Value"; Value = ""; VariantName = "[No Variations]"
Added Component: Designator=R33_3(0805 Resistor)
Add component (AddParameter): Name = "Availability"; Value = "Good"; VariantName = "[No Variations]"
Add component (AddParameter): Name = "DigiKey-Purchase-URL"; Value = "https://snapeda.com/shop?store=DigiKey&id=836123"; VariantName = "[No Variations]"
Add component (AddParameter): Name = "MF"; Value = "Bourns"; VariantName = "[No Variations]"
Add component (AddParameter): Name = "Mouser-Purchase-URL"; Value = "https://snapeda.com/shop?store=Mouser&id=836123"; VariantName = "[No Variations]"
Add component (AddParameter): Name = "MP"; Value = "CRE2512-FZ-R007E-3"; VariantName = "[No Variations]"
Add component (AddParameter): Name = "Package"; Value = "6432 Stackpole"; VariantName = "[No Variations]"
Add component (AddParameter): Name = "Price"; Value = "None"; VariantName = "[No Variations]"
Add component (AddParameter): Name = "SnapEDA_Link"; Value = "https://www.snapeda.com/parts/CRE2512-FZ-R007E-3/Bourns/view-part/836123/?ref=snap"; VariantName = "[No Variations]"
Add component (AddParameter): Name = "Value"; Value = ""; VariantName = "[No Variations]"
Added Component: Designator=R34_1(0805 Resistor)
Add component (AddParameter): Name = "Availability"; Value = "Good"; VariantName = "[No Variations]"
Add component (AddParameter): Name = "DigiKey-Purchase-URL"; Value = "https://snapeda.com/shop?store=DigiKey&id=836123"; VariantName = "[No Variations]"
Add component (AddParameter): Name = "MF"; Value = "Bourns"; VariantName = "[No Variations]"
Add component (AddParameter): Name = "Mouser-Purchase-URL"; Value = "https://snapeda.com/shop?store=Mouser&id=836123"; VariantName = "[No Variations]"
Add component (AddParameter): Name = "MP"; Value = "CRE2512-FZ-R007E-3"; VariantName = "[No Variations]"
Add component (AddParameter): Name = "Package"; Value = "6432 Stackpole"; VariantName = "[No Variations]"
Add component (AddParameter): Name = "Price"; Value = "None"; VariantName = "[No Variations]"
Add component (AddParameter): Name = "SnapEDA_Link"; Value = "https://www.snapeda.com/parts/CRE2512-FZ-R007E-3/Bourns/view-part/836123/?ref=snap"; VariantName = "[No Variations]"
Add component (AddParameter): Name = "Value"; Value = ""; VariantName = "[No Variations]"
Added Component: Designator=R34_2(0805 Resistor)
Add component (AddParameter): Name = "Availability"; Value = "Good"; VariantName = "[No Variations]"
Add component (AddParameter): Name = "DigiKey-Purchase-URL"; Value = "https://snapeda.com/shop?store=DigiKey&id=836123"; VariantName = "[No Variations]"
Add component (AddParameter): Name = "MF"; Value = "Bourns"; VariantName = "[No Variations]"
Add component (AddParameter): Name = "Mouser-Purchase-URL"; Value = "https://snapeda.com/shop?store=Mouser&id=836123"; VariantName = "[No Variations]"
Add component (AddParameter): Name = "MP"; Value = "CRE2512-FZ-R007E-3"; VariantName = "[No Variations]"
Add component (AddParameter): Name = "Package"; Value = "6432 Stackpole"; VariantName = "[No Variations]"
Add component (AddParameter): Name = "Price"; Value = "None"; VariantName = "[No Variations]"
Add component (AddParameter): Name = "SnapEDA_Link"; Value = "https://www.snapeda.com/parts/CRE2512-FZ-R007E-3/Bourns/view-part/836123/?ref=snap"; VariantName = "[No Variations]"
Add component (AddParameter): Name = "Value"; Value = ""; VariantName = "[No Variations]"
Added Component: Designator=R34_3(0805 Resistor)
Add component (AddParameter): Name = "Availability"; Value = "Good"; VariantName = "[No Variations]"
Add component (AddParameter): Name = "DigiKey-Purchase-URL"; Value = "https://snapeda.com/shop?store=DigiKey&id=836123"; VariantName = "[No Variations]"
Add component (AddParameter): Name = "MF"; Value = "Bourns"; VariantName = "[No Variations]"
Add component (AddParameter): Name = "Mouser-Purchase-URL"; Value = "https://snapeda.com/shop?store=Mouser&id=836123"; VariantName = "[No Variations]"
Add component (AddParameter): Name = "MP"; Value = "CRE2512-FZ-R007E-3"; VariantName = "[No Variations]"
Add component (AddParameter): Name = "Package"; Value = "6432 Stackpole"; VariantName = "[No Variations]"
Add component (AddParameter): Name = "Price"; Value = "None"; VariantName = "[No Variations]"
Add component (AddParameter): Name = "SnapEDA_Link"; Value = "https://www.snapeda.com/parts/CRE2512-FZ-R007E-3/Bourns/view-part/836123/?ref=snap"; VariantName = "[No Variations]"
Add component (AddParameter): Name = "Value"; Value = ""; VariantName = "[No Variations]"
Added Component: Designator=R35_1(0805 Resistor)
Add component (AddParameter): Name = "Availability"; Value = "Good"; VariantName = "[No Variations]"
Add component (AddParameter): Name = "DigiKey-Purchase-URL"; Value = "https://snapeda.com/shop?store=DigiKey&id=836123"; VariantName = "[No Variations]"
Add component (AddParameter): Name = "MF"; Value = "Bourns"; VariantName = "[No Variations]"
Add component (AddParameter): Name = "Mouser-Purchase-URL"; Value = "https://snapeda.com/shop?store=Mouser&id=836123"; VariantName = "[No Variations]"
Add component (AddParameter): Name = "MP"; Value = "CRE2512-FZ-R007E-3"; VariantName = "[No Variations]"
Add component (AddParameter): Name = "Package"; Value = "6432 Stackpole"; VariantName = "[No Variations]"
Add component (AddParameter): Name = "Price"; Value = "None"; VariantName = "[No Variations]"
Add component (AddParameter): Name = "SnapEDA_Link"; Value = "https://www.snapeda.com/parts/CRE2512-FZ-R007E-3/Bourns/view-part/836123/?ref=snap"; VariantName = "[No Variations]"
Add component (AddParameter): Name = "Value"; Value = ""; VariantName = "[No Variations]"
Added Component: Designator=R35_2(0805 Resistor)
Add component (AddParameter): Name = "Availability"; Value = "Good"; VariantName = "[No Variations]"
Add component (AddParameter): Name = "DigiKey-Purchase-URL"; Value = "https://snapeda.com/shop?store=DigiKey&id=836123"; VariantName = "[No Variations]"
Add component (AddParameter): Name = "MF"; Value = "Bourns"; VariantName = "[No Variations]"
Add component (AddParameter): Name = "Mouser-Purchase-URL"; Value = "https://snapeda.com/shop?store=Mouser&id=836123"; VariantName = "[No Variations]"
Add component (AddParameter): Name = "MP"; Value = "CRE2512-FZ-R007E-3"; VariantName = "[No Variations]"
Add component (AddParameter): Name = "Package"; Value = "6432 Stackpole"; VariantName = "[No Variations]"
Add component (AddParameter): Name = "Price"; Value = "None"; VariantName = "[No Variations]"
Add component (AddParameter): Name = "SnapEDA_Link"; Value = "https://www.snapeda.com/parts/CRE2512-FZ-R007E-3/Bourns/view-part/836123/?ref=snap"; VariantName = "[No Variations]"
Add component (AddParameter): Name = "Value"; Value = ""; VariantName = "[No Variations]"
Added Component: Designator=R35_3(0805 Resistor)
Add component (AddParameter): Name = "Availability"; Value = "Good"; VariantName = "[No Variations]"
Add component (AddParameter): Name = "DigiKey-Purchase-URL"; Value = "https://snapeda.com/shop?store=DigiKey&id=836123"; VariantName = "[No Variations]"
Add component (AddParameter): Name = "MF"; Value = "Bourns"; VariantName = "[No Variations]"
Add component (AddParameter): Name = "Mouser-Purchase-URL"; Value = "https://snapeda.com/shop?store=Mouser&id=836123"; VariantName = "[No Variations]"
Add component (AddParameter): Name = "MP"; Value = "CRE2512-FZ-R007E-3"; VariantName = "[No Variations]"
Add component (AddParameter): Name = "Package"; Value = "6432 Stackpole"; VariantName = "[No Variations]"
Add component (AddParameter): Name = "Price"; Value = "None"; VariantName = "[No Variations]"
Add component (AddParameter): Name = "SnapEDA_Link"; Value = "https://www.snapeda.com/parts/CRE2512-FZ-R007E-3/Bourns/view-part/836123/?ref=snap"; VariantName = "[No Variations]"
Add component (AddParameter): Name = "Value"; Value = ""; VariantName = "[No Variations]"
Added Component: Designator=R36_1(0805 Resistor)
Add component (AddParameter): Name = "Availability"; Value = "Good"; VariantName = "[No Variations]"
Add component (AddParameter): Name = "DigiKey-Purchase-URL"; Value = "https://snapeda.com/shop?store=DigiKey&id=836123"; VariantName = "[No Variations]"
Add component (AddParameter): Name = "MF"; Value = "Bourns"; VariantName = "[No Variations]"
Add component (AddParameter): Name = "Mouser-Purchase-URL"; Value = "https://snapeda.com/shop?store=Mouser&id=836123"; VariantName = "[No Variations]"
Add component (AddParameter): Name = "MP"; Value = "CRE2512-FZ-R007E-3"; VariantName = "[No Variations]"
Add component (AddParameter): Name = "Package"; Value = "6432 Stackpole"; VariantName = "[No Variations]"
Add component (AddParameter): Name = "Price"; Value = "None"; VariantName = "[No Variations]"
Add component (AddParameter): Name = "SnapEDA_Link"; Value = "https://www.snapeda.com/parts/CRE2512-FZ-R007E-3/Bourns/view-part/836123/?ref=snap"; VariantName = "[No Variations]"
Add component (AddParameter): Name = "Value"; Value = ""; VariantName = "[No Variations]"
Added Component: Designator=R36_2(0805 Resistor)
Add component (AddParameter): Name = "Availability"; Value = "Good"; VariantName = "[No Variations]"
Add component (AddParameter): Name = "DigiKey-Purchase-URL"; Value = "https://snapeda.com/shop?store=DigiKey&id=836123"; VariantName = "[No Variations]"
Add component (AddParameter): Name = "MF"; Value = "Bourns"; VariantName = "[No Variations]"
Add component (AddParameter): Name = "Mouser-Purchase-URL"; Value = "https://snapeda.com/shop?store=Mouser&id=836123"; VariantName = "[No Variations]"
Add component (AddParameter): Name = "MP"; Value = "CRE2512-FZ-R007E-3"; VariantName = "[No Variations]"
Add component (AddParameter): Name = "Package"; Value = "6432 Stackpole"; VariantName = "[No Variations]"
Add component (AddParameter): Name = "Price"; Value = "None"; VariantName = "[No Variations]"
Add component (AddParameter): Name = "SnapEDA_Link"; Value = "https://www.snapeda.com/parts/CRE2512-FZ-R007E-3/Bourns/view-part/836123/?ref=snap"; VariantName = "[No Variations]"
Add component (AddParameter): Name = "Value"; Value = ""; VariantName = "[No Variations]"
Added Component: Designator=R36_3(0805 Resistor)
Add component (AddParameter): Name = "Availability"; Value = "Good"; VariantName = "[No Variations]"
Add component (AddParameter): Name = "DigiKey-Purchase-URL"; Value = "https://snapeda.com/shop?store=DigiKey&id=836123"; VariantName = "[No Variations]"
Add component (AddParameter): Name = "MF"; Value = "Bourns"; VariantName = "[No Variations]"
Add component (AddParameter): Name = "Mouser-Purchase-URL"; Value = "https://snapeda.com/shop?store=Mouser&id=836123"; VariantName = "[No Variations]"
Add component (AddParameter): Name = "MP"; Value = "CRE2512-FZ-R007E-3"; VariantName = "[No Variations]"
Add component (AddParameter): Name = "Package"; Value = "6432 Stackpole"; VariantName = "[No Variations]"
Add component (AddParameter): Name = "Price"; Value = "None"; VariantName = "[No Variations]"
Add component (AddParameter): Name = "SnapEDA_Link"; Value = "https://www.snapeda.com/parts/CRE2512-FZ-R007E-3/Bourns/view-part/836123/?ref=snap"; VariantName = "[No Variations]"
Add component (AddParameter): Name = "Value"; Value = ""; VariantName = "[No Variations]"
Added Component: Designator=R37_1(0805 Resistor)
Add component (AddParameter): Name = "Availability"; Value = "Good"; VariantName = "[No Variations]"
Add component (AddParameter): Name = "DigiKey-Purchase-URL"; Value = "https://snapeda.com/shop?store=DigiKey&id=836123"; VariantName = "[No Variations]"
Add component (AddParameter): Name = "MF"; Value = "Bourns"; VariantName = "[No Variations]"
Add component (AddParameter): Name = "Mouser-Purchase-URL"; Value = "https://snapeda.com/shop?store=Mouser&id=836123"; VariantName = "[No Variations]"
Add component (AddParameter): Name = "MP"; Value = "CRE2512-FZ-R007E-3"; VariantName = "[No Variations]"
Add component (AddParameter): Name = "Package"; Value = "6432 Stackpole"; VariantName = "[No Variations]"
Add component (AddParameter): Name = "Price"; Value = "None"; VariantName = "[No Variations]"
Add component (AddParameter): Name = "SnapEDA_Link"; Value = "https://www.snapeda.com/parts/CRE2512-FZ-R007E-3/Bourns/view-part/836123/?ref=snap"; VariantName = "[No Variations]"
Add component (AddParameter): Name = "Value"; Value = ""; VariantName = "[No Variations]"
Added Component: Designator=R37_2(0805 Resistor)
Add component (AddParameter): Name = "Availability"; Value = "Good"; VariantName = "[No Variations]"
Add component (AddParameter): Name = "DigiKey-Purchase-URL"; Value = "https://snapeda.com/shop?store=DigiKey&id=836123"; VariantName = "[No Variations]"
Add component (AddParameter): Name = "MF"; Value = "Bourns"; VariantName = "[No Variations]"
Add component (AddParameter): Name = "Mouser-Purchase-URL"; Value = "https://snapeda.com/shop?store=Mouser&id=836123"; VariantName = "[No Variations]"
Add component (AddParameter): Name = "MP"; Value = "CRE2512-FZ-R007E-3"; VariantName = "[No Variations]"
Add component (AddParameter): Name = "Package"; Value = "6432 Stackpole"; VariantName = "[No Variations]"
Add component (AddParameter): Name = "Price"; Value = "None"; VariantName = "[No Variations]"
Add component (AddParameter): Name = "SnapEDA_Link"; Value = "https://www.snapeda.com/parts/CRE2512-FZ-R007E-3/Bourns/view-part/836123/?ref=snap"; VariantName = "[No Variations]"
Add component (AddParameter): Name = "Value"; Value = ""; VariantName = "[No Variations]"
Added Component: Designator=R37_3(0805 Resistor)
Add component (AddParameter): Name = "Availability"; Value = "Good"; VariantName = "[No Variations]"
Add component (AddParameter): Name = "DigiKey-Purchase-URL"; Value = "https://snapeda.com/shop?store=DigiKey&id=836123"; VariantName = "[No Variations]"
Add component (AddParameter): Name = "MF"; Value = "Bourns"; VariantName = "[No Variations]"
Add component (AddParameter): Name = "Mouser-Purchase-URL"; Value = "https://snapeda.com/shop?store=Mouser&id=836123"; VariantName = "[No Variations]"
Add component (AddParameter): Name = "MP"; Value = "CRE2512-FZ-R007E-3"; VariantName = "[No Variations]"
Add component (AddParameter): Name = "Package"; Value = "6432 Stackpole"; VariantName = "[No Variations]"
Add component (AddParameter): Name = "Price"; Value = "None"; VariantName = "[No Variations]"
Add component (AddParameter): Name = "SnapEDA_Link"; Value = "https://www.snapeda.com/parts/CRE2512-FZ-R007E-3/Bourns/view-part/836123/?ref=snap"; VariantName = "[No Variations]"
Add component (AddParameter): Name = "Value"; Value = ""; VariantName = "[No Variations]"
Added Component: Designator=R38_1(0805 Resistor)
Add component (AddParameter): Name = "Availability"; Value = "Good"; VariantName = "[No Variations]"
Add component (AddParameter): Name = "DigiKey-Purchase-URL"; Value = "https://snapeda.com/shop?store=DigiKey&id=836123"; VariantName = "[No Variations]"
Add component (AddParameter): Name = "MF"; Value = "Bourns"; VariantName = "[No Variations]"
Add component (AddParameter): Name = "Mouser-Purchase-URL"; Value = "https://snapeda.com/shop?store=Mouser&id=836123"; VariantName = "[No Variations]"
Add component (AddParameter): Name = "MP"; Value = "CRE2512-FZ-R007E-3"; VariantName = "[No Variations]"
Add component (AddParameter): Name = "Package"; Value = "6432 Stackpole"; VariantName = "[No Variations]"
Add component (AddParameter): Name = "Price"; Value = "None"; VariantName = "[No Variations]"
Add component (AddParameter): Name = "SnapEDA_Link"; Value = "https://www.snapeda.com/parts/CRE2512-FZ-R007E-3/Bourns/view-part/836123/?ref=snap"; VariantName = "[No Variations]"
Add component (AddParameter): Name = "Value"; Value = ""; VariantName = "[No Variations]"
Added Component: Designator=R38_2(0805 Resistor)
Add component (AddParameter): Name = "Availability"; Value = "Good"; VariantName = "[No Variations]"
Add component (AddParameter): Name = "DigiKey-Purchase-URL"; Value = "https://snapeda.com/shop?store=DigiKey&id=836123"; VariantName = "[No Variations]"
Add component (AddParameter): Name = "MF"; Value = "Bourns"; VariantName = "[No Variations]"
Add component (AddParameter): Name = "Mouser-Purchase-URL"; Value = "https://snapeda.com/shop?store=Mouser&id=836123"; VariantName = "[No Variations]"
Add component (AddParameter): Name = "MP"; Value = "CRE2512-FZ-R007E-3"; VariantName = "[No Variations]"
Add component (AddParameter): Name = "Package"; Value = "6432 Stackpole"; VariantName = "[No Variations]"
Add component (AddParameter): Name = "Price"; Value = "None"; VariantName = "[No Variations]"
Add component (AddParameter): Name = "SnapEDA_Link"; Value = "https://www.snapeda.com/parts/CRE2512-FZ-R007E-3/Bourns/view-part/836123/?ref=snap"; VariantName = "[No Variations]"
Add component (AddParameter): Name = "Value"; Value = ""; VariantName = "[No Variations]"
Added Component: Designator=R38_3(0805 Resistor)
Add component (AddParameter): Name = "Availability"; Value = "Good"; VariantName = "[No Variations]"
Add component (AddParameter): Name = "DigiKey-Purchase-URL"; Value = "https://snapeda.com/shop?store=DigiKey&id=836123"; VariantName = "[No Variations]"
Add component (AddParameter): Name = "MF"; Value = "Bourns"; VariantName = "[No Variations]"
Add component (AddParameter): Name = "Mouser-Purchase-URL"; Value = "https://snapeda.com/shop?store=Mouser&id=836123"; VariantName = "[No Variations]"
Add component (AddParameter): Name = "MP"; Value = "CRE2512-FZ-R007E-3"; VariantName = "[No Variations]"
Add component (AddParameter): Name = "Package"; Value = "6432 Stackpole"; VariantName = "[No Variations]"
Add component (AddParameter): Name = "Price"; Value = "None"; VariantName = "[No Variations]"
Add component (AddParameter): Name = "SnapEDA_Link"; Value = "https://www.snapeda.com/parts/CRE2512-FZ-R007E-3/Bourns/view-part/836123/?ref=snap"; VariantName = "[No Variations]"
Add component (AddParameter): Name = "Value"; Value = ""; VariantName = "[No Variations]"
Added Component: Designator=R39_1(0805 Resistor)
Add component (AddParameter): Name = "Availability"; Value = "Good"; VariantName = "[No Variations]"
Add component (AddParameter): Name = "DigiKey-Purchase-URL"; Value = "https://snapeda.com/shop?store=DigiKey&id=836123"; VariantName = "[No Variations]"
Add component (AddParameter): Name = "MF"; Value = "Bourns"; VariantName = "[No Variations]"
Add component (AddParameter): Name = "Mouser-Purchase-URL"; Value = "https://snapeda.com/shop?store=Mouser&id=836123"; VariantName = "[No Variations]"
Add component (AddParameter): Name = "MP"; Value = "CRE2512-FZ-R007E-3"; VariantName = "[No Variations]"
Add component (AddParameter): Name = "Package"; Value = "6432 Stackpole"; VariantName = "[No Variations]"
Add component (AddParameter): Name = "Price"; Value = "None"; VariantName = "[No Variations]"
Add component (AddParameter): Name = "SnapEDA_Link"; Value = "https://www.snapeda.com/parts/CRE2512-FZ-R007E-3/Bourns/view-part/836123/?ref=snap"; VariantName = "[No Variations]"
Add component (AddParameter): Name = "Value"; Value = ""; VariantName = "[No Variations]"
Added Component: Designator=R39_2(0805 Resistor)
Add component (AddParameter): Name = "Availability"; Value = "Good"; VariantName = "[No Variations]"
Add component (AddParameter): Name = "DigiKey-Purchase-URL"; Value = "https://snapeda.com/shop?store=DigiKey&id=836123"; VariantName = "[No Variations]"
Add component (AddParameter): Name = "MF"; Value = "Bourns"; VariantName = "[No Variations]"
Add component (AddParameter): Name = "Mouser-Purchase-URL"; Value = "https://snapeda.com/shop?store=Mouser&id=836123"; VariantName = "[No Variations]"
Add component (AddParameter): Name = "MP"; Value = "CRE2512-FZ-R007E-3"; VariantName = "[No Variations]"
Add component (AddParameter): Name = "Package"; Value = "6432 Stackpole"; VariantName = "[No Variations]"
Add component (AddParameter): Name = "Price"; Value = "None"; VariantName = "[No Variations]"
Add component (AddParameter): Name = "SnapEDA_Link"; Value = "https://www.snapeda.com/parts/CRE2512-FZ-R007E-3/Bourns/view-part/836123/?ref=snap"; VariantName = "[No Variations]"
Add component (AddParameter): Name = "Value"; Value = ""; VariantName = "[No Variations]"
Added Component: Designator=R39_3(0805 Resistor)
Add component (AddParameter): Name = "Availability"; Value = "Good"; VariantName = "[No Variations]"
Add component (AddParameter): Name = "DigiKey-Purchase-URL"; Value = "https://snapeda.com/shop?store=DigiKey&id=836123"; VariantName = "[No Variations]"
Add component (AddParameter): Name = "MF"; Value = "Bourns"; VariantName = "[No Variations]"
Add component (AddParameter): Name = "Mouser-Purchase-URL"; Value = "https://snapeda.com/shop?store=Mouser&id=836123"; VariantName = "[No Variations]"
Add component (AddParameter): Name = "MP"; Value = "CRE2512-FZ-R007E-3"; VariantName = "[No Variations]"
Add component (AddParameter): Name = "Package"; Value = "6432 Stackpole"; VariantName = "[No Variations]"
Add component (AddParameter): Name = "Price"; Value = "None"; VariantName = "[No Variations]"
Add component (AddParameter): Name = "SnapEDA_Link"; Value = "https://www.snapeda.com/parts/CRE2512-FZ-R007E-3/Bourns/view-part/836123/?ref=snap"; VariantName = "[No Variations]"
Add component (AddParameter): Name = "Value"; Value = ""; VariantName = "[No Variations]"
Added Component: Designator=R40_1(0805 Resistor)
Add component (AddParameter): Name = "Availability"; Value = "Good"; VariantName = "[No Variations]"
Add component (AddParameter): Name = "DigiKey-Purchase-URL"; Value = "https://snapeda.com/shop?store=DigiKey&id=836123"; VariantName = "[No Variations]"
Add component (AddParameter): Name = "MF"; Value = "Bourns"; VariantName = "[No Variations]"
Add component (AddParameter): Name = "Mouser-Purchase-URL"; Value = "https://snapeda.com/shop?store=Mouser&id=836123"; VariantName = "[No Variations]"
Add component (AddParameter): Name = "MP"; Value = "CRE2512-FZ-R007E-3"; VariantName = "[No Variations]"
Add component (AddParameter): Name = "Package"; Value = "6432 Stackpole"; VariantName = "[No Variations]"
Add component (AddParameter): Name = "Price"; Value = "None"; VariantName = "[No Variations]"
Add component (AddParameter): Name = "SnapEDA_Link"; Value = "https://www.snapeda.com/parts/CRE2512-FZ-R007E-3/Bourns/view-part/836123/?ref=snap"; VariantName = "[No Variations]"
Add component (AddParameter): Name = "Value"; Value = ""; VariantName = "[No Variations]"
Added Component: Designator=R40_2(0805 Resistor)
Add component (AddParameter): Name = "Availability"; Value = "Good"; VariantName = "[No Variations]"
Add component (AddParameter): Name = "DigiKey-Purchase-URL"; Value = "https://snapeda.com/shop?store=DigiKey&id=836123"; VariantName = "[No Variations]"
Add component (AddParameter): Name = "MF"; Value = "Bourns"; VariantName = "[No Variations]"
Add component (AddParameter): Name = "Mouser-Purchase-URL"; Value = "https://snapeda.com/shop?store=Mouser&id=836123"; VariantName = "[No Variations]"
Add component (AddParameter): Name = "MP"; Value = "CRE2512-FZ-R007E-3"; VariantName = "[No Variations]"
Add component (AddParameter): Name = "Package"; Value = "6432 Stackpole"; VariantName = "[No Variations]"
Add component (AddParameter): Name = "Price"; Value = "None"; VariantName = "[No Variations]"
Add component (AddParameter): Name = "SnapEDA_Link"; Value = "https://www.snapeda.com/parts/CRE2512-FZ-R007E-3/Bourns/view-part/836123/?ref=snap"; VariantName = "[No Variations]"
Add component (AddParameter): Name = "Value"; Value = ""; VariantName = "[No Variations]"
Added Component: Designator=R40_3(0805 Resistor)
Add component (AddParameter): Name = "Availability"; Value = "Good"; VariantName = "[No Variations]"
Add component (AddParameter): Name = "DigiKey-Purchase-URL"; Value = "https://snapeda.com/shop?store=DigiKey&id=836123"; VariantName = "[No Variations]"
Add component (AddParameter): Name = "MF"; Value = "Bourns"; VariantName = "[No Variations]"
Add component (AddParameter): Name = "Mouser-Purchase-URL"; Value = "https://snapeda.com/shop?store=Mouser&id=836123"; VariantName = "[No Variations]"
Add component (AddParameter): Name = "MP"; Value = "CRE2512-FZ-R007E-3"; VariantName = "[No Variations]"
Add component (AddParameter): Name = "Package"; Value = "6432 Stackpole"; VariantName = "[No Variations]"
Add component (AddParameter): Name = "Price"; Value = "None"; VariantName = "[No Variations]"
Add component (AddParameter): Name = "SnapEDA_Link"; Value = "https://www.snapeda.com/parts/CRE2512-FZ-R007E-3/Bourns/view-part/836123/?ref=snap"; VariantName = "[No Variations]"
Add component (AddParameter): Name = "Value"; Value = ""; VariantName = "[No Variations]"
Added Component: Designator=U5(SOIC-14)
Added Component: Designator=U6(SOIC-14)
Added Pin To Net: NetName=AGND Pin=C5-1
Added Pin To Net: NetName=AGND Pin=C7-1
Added Pin To Net: NetName=AGND Pin=C8-1
Added Pin To Net: NetName=+15V Pin=C8-2
Added Pin To Net: NetName=AGND Pin=C9-1
Added Pin To Net: NetName=+15V Pin=C9-2
Added Pin To Net: NetName=AGND Pin=C10-1
Added Pin To Net: NetName=-15V Pin=C10-2
Added Pin To Net: NetName=AGND Pin=C11-1
Added Pin To Net: NetName=-15V Pin=C11-2
Added Pin To Net: NetName=AGND Pin=C12-1
Added Pin To Net: NetName=+15V Pin=C12-2
Added Pin To Net: NetName=AGND Pin=C13-1
Added Pin To Net: NetName=+15V Pin=C13-2
Added Pin To Net: NetName=AGND Pin=C14-1
Added Pin To Net: NetName=-15V Pin=C14-2
Added Pin To Net: NetName=AGND Pin=C15-1
Added Pin To Net: NetName=-15V Pin=C15-2
Added Pin To Net: NetName=AGND Pin=C16-1
Added Pin To Net: NetName=+15V Pin=C16-2
Added Pin To Net: NetName=AGND Pin=C17-1
Added Pin To Net: NetName=+15V Pin=C17-2
Added Pin To Net: NetName=AGND Pin=C18-1
Added Pin To Net: NetName=-15V Pin=C18-2
Added Pin To Net: NetName=AGND Pin=C19-1
Added Pin To Net: NetName=-15V Pin=C19-2
Added Pin To Net: NetName=AGND Pin=C20-1
Added Pin To Net: NetName=+15V Pin=C20-2
Added Pin To Net: NetName=AGND Pin=C21-1
Added Pin To Net: NetName=+15V Pin=C21-2
Added Pin To Net: NetName=AGND Pin=C22-1
Added Pin To Net: NetName=-15V Pin=C22-2
Added Pin To Net: NetName=AGND Pin=C23-1
Added Pin To Net: NetName=-15V Pin=C23-2
Added Pin To Net: NetName=AGND Pin=C24_1-1
Added Pin To Net: NetName=+15V Pin=C24_1-2
Added Pin To Net: NetName=AGND Pin=C24_2-1
Added Pin To Net: NetName=+15V Pin=C24_2-2
Added Pin To Net: NetName=AGND Pin=C24_3-1
Added Pin To Net: NetName=+15V Pin=C24_3-2
Added Pin To Net: NetName=AGND Pin=C25_1-1
Added Pin To Net: NetName=+15V Pin=C25_1-2
Added Pin To Net: NetName=AGND Pin=C25_2-1
Added Pin To Net: NetName=+15V Pin=C25_2-2
Added Pin To Net: NetName=AGND Pin=C25_3-1
Added Pin To Net: NetName=+15V Pin=C25_3-2
Added Pin To Net: NetName=AGND Pin=C26_1-1
Added Pin To Net: NetName=-15V Pin=C26_1-2
Added Pin To Net: NetName=AGND Pin=C26_2-1
Added Pin To Net: NetName=-15V Pin=C26_2-2
Added Pin To Net: NetName=AGND Pin=C26_3-1
Added Pin To Net: NetName=-15V Pin=C26_3-2
Added Pin To Net: NetName=AGND Pin=C27_1-1
Added Pin To Net: NetName=-15V Pin=C27_1-2
Added Pin To Net: NetName=AGND Pin=C27_2-1
Added Pin To Net: NetName=-15V Pin=C27_2-2
Added Pin To Net: NetName=AGND Pin=C27_3-1
Added Pin To Net: NetName=-15V Pin=C27_3-2
Added Pin To Net: NetName=AGND Pin=C28_1-1
Added Pin To Net: NetName=+15V Pin=C28_1-2
Added Pin To Net: NetName=AGND Pin=C28_2-1
Added Pin To Net: NetName=+15V Pin=C28_2-2
Added Pin To Net: NetName=AGND Pin=C28_3-1
Added Pin To Net: NetName=+15V Pin=C28_3-2
Added Pin To Net: NetName=AGND Pin=C29_1-1
Added Pin To Net: NetName=+15V Pin=C29_1-2
Added Pin To Net: NetName=AGND Pin=C29_2-1
Added Pin To Net: NetName=+15V Pin=C29_2-2
Added Pin To Net: NetName=AGND Pin=C29_3-1
Added Pin To Net: NetName=+15V Pin=C29_3-2
Added Pin To Net: NetName=AGND Pin=C30_1-1
Added Pin To Net: NetName=-15V Pin=C30_1-2
Added Pin To Net: NetName=AGND Pin=C30_2-1
Added Pin To Net: NetName=-15V Pin=C30_2-2
Added Pin To Net: NetName=AGND Pin=C30_3-1
Added Pin To Net: NetName=-15V Pin=C30_3-2
Added Pin To Net: NetName=AGND Pin=C31_1-1
Added Pin To Net: NetName=-15V Pin=C31_1-2
Added Pin To Net: NetName=AGND Pin=C31_2-1
Added Pin To Net: NetName=-15V Pin=C31_2-2
Added Pin To Net: NetName=AGND Pin=C31_3-1
Added Pin To Net: NetName=-15V Pin=C31_3-2
Added Pin To Net: NetName=NetC3_1_2 Pin=R1_1-1
Added Pin To Net: NetName=NetC3_2_2 Pin=R1_2-1
Added Pin To Net: NetName=NetC3_3_2 Pin=R1_3-1
Added Pin To Net: NetName=NetC1_1_2 Pin=R3_1-1
Added Pin To Net: NetName=NetC1_2_2 Pin=R3_2-1
Added Pin To Net: NetName=NetC1_3_2 Pin=R3_3-1
Added Pin To Net: NetName=AGND Pin=R7-1
Added Pin To Net: NetName=AGND Pin=R10-2
Added Pin To Net: NetName=AGND Pin=R13-1
Added Pin To Net: NetName=AGND Pin=R16-2
Added Pin To Net: NetName=I_lB_1 Pin=R33_1-2
Added Pin To Net: NetName=I_lB_2 Pin=R33_2-2
Added Pin To Net: NetName=I_lB_3 Pin=R33_3-2
Added Pin To Net: NetName=AGND Pin=R36_1-1
Added Pin To Net: NetName=AGND Pin=R36_2-1
Added Pin To Net: NetName=AGND Pin=R36_3-1
Added Pin To Net: NetName=AGND Pin=R40_1-1
Added Pin To Net: NetName=AGND Pin=R40_2-1
Added Pin To Net: NetName=AGND Pin=R40_3-1
Added Pin To Net: NetName=+15V Pin=U5-4
Added Pin To Net: NetName=-15V Pin=U5-11
Added Pin To Net: NetName=+15V Pin=U6-4
Added Pin To Net: NetName=-15V Pin=U6-11
Change Net Name : Old Net Name=I_lB_1 New Net Name=I_OutB_1
Change Net Name : Old Net Name=I_lB_2 New Net Name=I_OutB_2
Change Net Name : Old Net Name=I_lB_3 New Net Name=I_OutB_3
Change Net Name : Old Net Name=VREF_1 New Net Name=VREFA
Change Net Name : Old Net Name=VREF_2 New Net Name=VREFB
Added Pin To Net: NetName=1.65A Pin=R38_1-1
Added Pin To Net: NetName=1.65A Pin=R38_2-1
Added Pin To Net: NetName=1.65A Pin=R38_3-1
Added Pin To Net: NetName=1.65A Pin=U5-1
Added Pin To Net: NetName=1.65A Pin=U5-2
Added Net: Name=1.65A
Added Pin To Net: NetName=1.65B Pin=R34_1-1
Added Pin To Net: NetName=1.65B Pin=R34_2-1
Added Pin To Net: NetName=1.65B Pin=R34_3-1
Added Pin To Net: NetName=1.65B Pin=U4-1
Added Pin To Net: NetName=1.65B Pin=U4-2
Added Net: Name=1.65B
Added Pin To Net: NetName=1.65C Pin=R8-1
Added Pin To Net: NetName=1.65C Pin=U3-1
Added Pin To Net: NetName=1.65C Pin=U3-2
Added Net: Name=1.65C
Added Pin To Net: NetName=1.65D Pin=R14-1
Added Pin To Net: NetName=1.65D Pin=U6-1
Added Pin To Net: NetName=1.65D Pin=U6-2
Added Net: Name=1.65D
Added Pin To Net: NetName=3.3A Pin=C4-2
Added Pin To Net: NetName=3.3A Pin=J3-11
Added Pin To Net: NetName=3.3A Pin=R5-2
Added Net: Name=3.3A
Added Pin To Net: NetName=3.3B Pin=C6-2
Added Pin To Net: NetName=3.3B Pin=J11-11
Added Pin To Net: NetName=3.3B Pin=R11-2
Added Net: Name=3.3B
Added Pin To Net: NetName=I_InA_1 Pin=J3-14
Added Pin To Net: NetName=I_InA_1 Pin=R39_1-1
Added Net: Name=I_InA_1
Added Pin To Net: NetName=I_InA_2 Pin=J3-16
Added Pin To Net: NetName=I_InA_2 Pin=R39_2-1
Added Net: Name=I_InA_2
Added Pin To Net: NetName=I_InA_3 Pin=J3-18
Added Pin To Net: NetName=I_InA_3 Pin=R39_3-1
Added Net: Name=I_InA_3
Added Pin To Net: NetName=I_InB_1 Pin=J11-14
Added Pin To Net: NetName=I_InB_1 Pin=R35_1-1
Added Net: Name=I_InB_1
Added Pin To Net: NetName=I_InB_2 Pin=J11-16
Added Pin To Net: NetName=I_InB_2 Pin=R35_2-1
Added Net: Name=I_InB_2
Added Pin To Net: NetName=I_InB_3 Pin=J11-18
Added Pin To Net: NetName=I_InB_3 Pin=R35_3-1
Added Net: Name=I_InB_3
Added Pin To Net: NetName=I_NegA_1 Pin=R37_1-1
Added Pin To Net: NetName=I_NegA_1 Pin=R38_1-2
Added Pin To Net: NetName=I_NegA_1 Pin=U5-6
Added Net: Name=I_NegA_1
Added Pin To Net: NetName=I_NegA_2 Pin=R37_2-1
Added Pin To Net: NetName=I_NegA_2 Pin=R38_2-2
Added Pin To Net: NetName=I_NegA_2 Pin=U5-9
Added Net: Name=I_NegA_2
Added Pin To Net: NetName=I_NegA_3 Pin=R37_3-1
Added Pin To Net: NetName=I_NegA_3 Pin=R38_3-2
Added Pin To Net: NetName=I_NegA_3 Pin=U5-13
Added Net: Name=I_NegA_3
Added Pin To Net: NetName=I_NegB_1 Pin=R33_1-1
Added Pin To Net: NetName=I_NegB_1 Pin=R34_1-2
Added Pin To Net: NetName=I_NegB_1 Pin=U4-6
Added Net: Name=I_NegB_1
Added Pin To Net: NetName=I_NegB_2 Pin=R33_2-1
Added Pin To Net: NetName=I_NegB_2 Pin=R34_2-2
Added Pin To Net: NetName=I_NegB_2 Pin=U4-9
Added Net: Name=I_NegB_2
Added Pin To Net: NetName=I_NegB_3 Pin=R33_3-1
Added Pin To Net: NetName=I_NegB_3 Pin=R34_3-2
Added Pin To Net: NetName=I_NegB_3 Pin=U4-13
Added Net: Name=I_NegB_3
Added Pin To Net: NetName=I_OutA_1 Pin=J1-41
Added Pin To Net: NetName=I_OutA_1 Pin=R37_1-2
Added Pin To Net: NetName=I_OutA_1 Pin=TP14-1
Added Pin To Net: NetName=I_OutA_1 Pin=U5-7
Added Net: Name=I_OutA_1
Added Pin To Net: NetName=I_OutA_2 Pin=J1-43
Added Pin To Net: NetName=I_OutA_2 Pin=R37_2-2
Added Pin To Net: NetName=I_OutA_2 Pin=TP15-1
Added Pin To Net: NetName=I_OutA_2 Pin=U5-8
Added Net: Name=I_OutA_2
Added Pin To Net: NetName=I_OutA_3 Pin=J1-45
Added Pin To Net: NetName=I_OutA_3 Pin=R37_3-2
Added Pin To Net: NetName=I_OutA_3 Pin=TP16-1
Added Pin To Net: NetName=I_OutA_3 Pin=U5-14
Added Net: Name=I_OutA_3
Added Pin To Net: NetName=I_PosA_1 Pin=R39_1-2
Added Pin To Net: NetName=I_PosA_1 Pin=R40_1-2
Added Pin To Net: NetName=I_PosA_1 Pin=U5-5
Added Net: Name=I_PosA_1
Added Pin To Net: NetName=I_PosA_2 Pin=R39_2-2
Added Pin To Net: NetName=I_PosA_2 Pin=R40_2-2
Added Pin To Net: NetName=I_PosA_2 Pin=U5-10
Added Net: Name=I_PosA_2
Added Pin To Net: NetName=I_PosA_3 Pin=R39_3-2
Added Pin To Net: NetName=I_PosA_3 Pin=R40_3-2
Added Pin To Net: NetName=I_PosA_3 Pin=U5-12
Added Net: Name=I_PosA_3
Added Pin To Net: NetName=I_PosB_1 Pin=R35_1-2
Added Pin To Net: NetName=I_PosB_1 Pin=R36_1-2
Added Pin To Net: NetName=I_PosB_1 Pin=U4-5
Added Net: Name=I_PosB_1
Added Pin To Net: NetName=I_PosB_2 Pin=R35_2-2
Added Pin To Net: NetName=I_PosB_2 Pin=R36_2-2
Added Pin To Net: NetName=I_PosB_2 Pin=U4-10
Added Net: Name=I_PosB_2
Added Pin To Net: NetName=I_PosB_3 Pin=R35_3-2
Added Pin To Net: NetName=I_PosB_3 Pin=R36_3-2
Added Pin To Net: NetName=I_PosB_3 Pin=U4-12
Added Net: Name=I_PosB_3
Added Pin To Net: NetName=NetC4_1 Pin=C4-1
Added Pin To Net: NetName=NetC4_1 Pin=C5-2
Added Pin To Net: NetName=NetC4_1 Pin=R5-1
Added Pin To Net: NetName=NetC4_1 Pin=R7-2
Added Pin To Net: NetName=NetC4_1 Pin=U3-3
Added Pin To Net: NetName=NetC4_1 Pin=U5-3
Added Net: Name=NetC4_1
Added Pin To Net: NetName=NetC6_1 Pin=C6-1
Added Pin To Net: NetName=NetC6_1 Pin=C7-2
Added Pin To Net: NetName=NetC6_1 Pin=R11-1
Added Pin To Net: NetName=NetC6_1 Pin=R13-2
Added Pin To Net: NetName=NetC6_1 Pin=U4-3
Added Pin To Net: NetName=NetC6_1 Pin=U6-3
Added Net: Name=NetC6_1
Added Pin To Net: NetName=NetR1_1_2 Pin=R1_1-2
Added Pin To Net: NetName=NetR1_1_2 Pin=U1_1-5
Added Net: Name=NetR1_1_2
Added Pin To Net: NetName=NetR1_2_2 Pin=R1_2-2
Added Pin To Net: NetName=NetR1_2_2 Pin=U1_2-5
Added Net: Name=NetR1_2_2
Added Pin To Net: NetName=NetR1_3_2 Pin=R1_3-2
Added Pin To Net: NetName=NetR1_3_2 Pin=U1_3-5
Added Net: Name=NetR1_3_2
Added Pin To Net: NetName=NetR3_1_2 Pin=R3_1-2
Added Pin To Net: NetName=NetR3_1_2 Pin=U2_1-5
Added Net: Name=NetR3_1_2
Added Pin To Net: NetName=NetR3_2_2 Pin=R3_2-2
Added Pin To Net: NetName=NetR3_2_2 Pin=U2_2-5
Added Net: Name=NetR3_2_2
Added Pin To Net: NetName=NetR3_3_2 Pin=R3_3-2
Added Pin To Net: NetName=NetR3_3_2 Pin=U2_3-5
Added Net: Name=NetR3_3_2
Added Pin To Net: NetName=NetR6_2 Pin=R6-2
Added Pin To Net: NetName=NetR6_2 Pin=R8-2
Added Pin To Net: NetName=NetR6_2 Pin=U3-6
Added Net: Name=NetR6_2
Added Pin To Net: NetName=NetR9_2 Pin=R9-2
Added Pin To Net: NetName=NetR9_2 Pin=R10-1
Added Pin To Net: NetName=NetR9_2 Pin=U3-5
Added Net: Name=NetR9_2
Added Pin To Net: NetName=NetR12_2 Pin=R12-2
Added Pin To Net: NetName=NetR12_2 Pin=R14-2
Added Pin To Net: NetName=NetR12_2 Pin=U6-6
Added Net: Name=NetR12_2
Added Pin To Net: NetName=NetR15_2 Pin=R15-2
Added Pin To Net: NetName=NetR15_2 Pin=R16-1
Added Pin To Net: NetName=NetR15_2 Pin=U6-5
Added Net: Name=NetR15_2
Added Pin To Net: NetName=VDCA_In Pin=J3-06
Added Pin To Net: NetName=VDCA_In Pin=R9-1
Added Net: Name=VDCA_In
Added Pin To Net: NetName=VDCA_Out Pin=J1-39
Added Pin To Net: NetName=VDCA_Out Pin=R6-1
Added Pin To Net: NetName=VDCA_Out Pin=TP13-1
Added Pin To Net: NetName=VDCA_Out Pin=U3-7
Added Net: Name=VDCA_Out
Added Pin To Net: NetName=VDCB_In Pin=J11-06
Added Pin To Net: NetName=VDCB_In Pin=R15-1
Added Net: Name=VDCB_In
Added Pin To Net: NetName=VDCB_Out Pin=J1-09
Added Pin To Net: NetName=VDCB_Out Pin=R12-1
Added Pin To Net: NetName=VDCB_Out Pin=TP4-1
Added Pin To Net: NetName=VDCB_Out Pin=U6-7
Added Net: Name=VDCB_Out
Added Class: Name=Fdbk_11
Added Class: Name=Fdbk_12
Added Class: Name=Fdbk_13
Added Class: Name=Fdbk_21
Added Class: Name=Fdbk_22
Added Class: Name=Fdbk_23
Added Class: Name=I_InA_[1..3]
Added Class: Name=I_InB_[1..3]
Added Class: Name=I_NegA_[1..3]
Added Class: Name=I_NegB_[1..3]
Added Class: Name=I_OutA_[1..3]
Added Class: Name=I_OutB_[1..3]
Added Class: Name=I_PosA_[1..3]
Added Class: Name=I_PosB_[1..3]
Added Class: Name=Fdbk_1
Added Class: Name=Fdbk_2
Added Member To Class: ClassName=Intermediate_LCL_Top_20230320 Member=Component C4 2.2uF_0805
Added Member To Class: ClassName=Intermediate_LCL_Top_20230320 Member=Component C5 2.2uF_0805
Added Member To Class: ClassName=Intermediate_LCL_Top_20230320 Member=Component C6 2.2uF_0805
Added Member To Class: ClassName=Intermediate_LCL_Top_20230320 Member=Component C7 2.2uF_0805
Added Member To Class: ClassName=Intermediate_LCL_Top_20230320 Member=Component C8 100nF_0805
Added Member To Class: ClassName=Intermediate_LCL_Top_20230320 Member=Component C9 4.7uF_1206
Added Member To Class: ClassName=Intermediate_LCL_Top_20230320 Member=Component C10 100nF_0805
Added Member To Class: ClassName=Intermediate_LCL_Top_20230320 Member=Component C11 4.7uF_1206
Added Member To Class: ClassName=Intermediate_LCL_Top_20230320 Member=Component C12 100nF_0805
Added Member To Class: ClassName=Intermediate_LCL_Top_20230320 Member=Component C13 4.7uF_1206
Added Member To Class: ClassName=Intermediate_LCL_Top_20230320 Member=Component C14 100nF_0805
Added Member To Class: ClassName=Intermediate_LCL_Top_20230320 Member=Component C15 4.7uF_1206
Added Member To Class: ClassName=Intermediate_LCL_Top_20230320 Member=Component C16 100nF_0805
Added Member To Class: ClassName=Intermediate_LCL_Top_20230320 Member=Component C17 4.7uF_1206
Added Member To Class: ClassName=Intermediate_LCL_Top_20230320 Member=Component C18 100nF_0805
Added Member To Class: ClassName=Intermediate_LCL_Top_20230320 Member=Component C19 4.7uF_1206
Added Member To Class: ClassName=Intermediate_LCL_Top_20230320 Member=Component C20 100nF_0805
Added Member To Class: ClassName=Intermediate_LCL_Top_20230320 Member=Component C21 4.7uF_1206
Added Member To Class: ClassName=Intermediate_LCL_Top_20230320 Member=Component C22 100nF_0805
Added Member To Class: ClassName=Intermediate_LCL_Top_20230320 Member=Component C23 4.7uF_1206
Added Member To Class: ClassName=LCL_11 Member=Component C24_1 (C24) 100nF_0805
Added Member To Class: ClassName=LCL_12 Member=Component C24_2 (C24) 100nF_0805
Added Member To Class: ClassName=LCL_13 Member=Component C24_3 (C24) 100nF_0805
Added Member To Class: ClassName=LCL_11 Member=Component C25_1 (C25) 4.7uF_1206
Added Member To Class: ClassName=LCL_12 Member=Component C25_2 (C25) 4.7uF_1206
Added Member To Class: ClassName=LCL_13 Member=Component C25_3 (C25) 4.7uF_1206
Added Member To Class: ClassName=LCL_11 Member=Component C26_1 (C26) 100nF_0805
Added Member To Class: ClassName=LCL_12 Member=Component C26_2 (C26) 100nF_0805
Added Member To Class: ClassName=LCL_13 Member=Component C26_3 (C26) 100nF_0805
Added Member To Class: ClassName=LCL_11 Member=Component C27_1 (C27) 4.7uF_1206
Added Member To Class: ClassName=LCL_12 Member=Component C27_2 (C27) 4.7uF_1206
Added Member To Class: ClassName=LCL_13 Member=Component C27_3 (C27) 4.7uF_1206
Added Member To Class: ClassName=LCL_21 Member=Component C28_1 (C28) 100nF_0805
Added Member To Class: ClassName=LCL_22 Member=Component C28_2 (C28) 100nF_0805
Added Member To Class: ClassName=LCL_23 Member=Component C28_3 (C28) 100nF_0805
Added Member To Class: ClassName=LCL_21 Member=Component C29_1 (C29) 4.7uF_1206
Added Member To Class: ClassName=LCL_22 Member=Component C29_2 (C29) 4.7uF_1206
Added Member To Class: ClassName=LCL_23 Member=Component C29_3 (C29) 4.7uF_1206
Added Member To Class: ClassName=LCL_21 Member=Component C30_1 (C30) 100nF_0805
Added Member To Class: ClassName=LCL_22 Member=Component C30_2 (C30) 100nF_0805
Added Member To Class: ClassName=LCL_23 Member=Component C30_3 (C30) 100nF_0805
Added Member To Class: ClassName=LCL_21 Member=Component C31_1 (C31) 4.7uF_1206
Added Member To Class: ClassName=LCL_22 Member=Component C31_2 (C31) 4.7uF_1206
Added Member To Class: ClassName=LCL_23 Member=Component C31_3 (C31) 4.7uF_1206
Added Member To Class: ClassName=Intermediate_LCL_Top_20230320 Member=Component U5 4ch Op Amp
Added Member To Class: ClassName=Intermediate_LCL_Top_20230320 Member=Component U6 4ch Op Amp
