Added Component: Designator=J2(SAMTEC_SHF-125-01-L-D-RA)
Add component (AddParameter): Name = "Availability"; Value = "Unavailable"; VariantName = "[No Variations]"
Add component (AddParameter): Name = "MF"; Value = "Samtec"; VariantName = "[No Variations]"
Add component (AddParameter): Name = "MP"; Value = "SHF-125-01-L-D-RA"; VariantName = "[No Variations]"
Add component (AddParameter): Name = "Package"; Value = "None"; VariantName = "[No Variations]"
Add component (AddParameter): Name = "Price"; Value = "None"; VariantName = "[No Variations]"
Add component (AddParameter): Name = "Value"; Value = ""; VariantName = "[No Variations]"
Added Pin To Net: NetName=AGND Pin=J2-01
Added Pin To Net: NetName=AGND Pin=J2-02
Added Pin To Net: NetName=VA Pin=J2-03
Added Pin To Net: NetName=AGND Pin=J2-04
Added Pin To Net: NetName=VB Pin=J2-05
Added Pin To Net: NetName=AGND Pin=J2-06
Added Pin To Net: NetName=VC Pin=J2-07
Added Pin To Net: NetName=AGND Pin=J2-08
Added Pin To Net: NetName=AGND Pin=J2-13
Added Pin To Net: NetName=AGND Pin=J2-14
Added Pin To Net: NetName=IA Pin=J2-15
Added Pin To Net: NetName=AGND Pin=J2-16
Added Pin To Net: NetName=IB Pin=J2-17
Added Pin To Net: NetName=AGND Pin=J2-18
Added Pin To Net: NetName=IC Pin=J2-19
Added Pin To Net: NetName=AGND Pin=J2-20
Added Pin To Net: NetName=AGND Pin=J2-25
Added Pin To Net: NetName=AGND Pin=J2-26
Added Pin To Net: NetName=VREF Pin=J2-27
Added Pin To Net: NetName=AGND Pin=J2-28
Added Pin To Net: NetName=VDC Pin=J2-29
Added Pin To Net: NetName=AGND Pin=J2-30
Added Pin To Net: NetName=AGND Pin=J2-37
Added Pin To Net: NetName=AGND Pin=J2-38
Added Pin To Net: NetName=AGND Pin=J2-49
Added Pin To Net: NetName=AGND Pin=J2-50
Added Member To Class: ClassName=TopLevelBoard Member=Component J2 SHF-125-01-L-D-RA
Added Room: Name=TopLevelBoard
